{"C:\\Users\\D\\workplace\\Graduation Project\\src\\frontend\\src\\components\\AuthModal.tsx": {"path":"C:\\Users\\D\\workplace\\Graduation Project\\src\\frontend\\src\\components\\AuthModal.tsx","statementMap":{"0":{"start":{"line":19,"column":13},"end":{"line":424,"column":null}},"1":{"start":{"line":31,"column":6},"end":{"line":31,"column":19}},"2":{"start":{"line":34,"column":44},"end":{"line":34,"column":null}},"3":{"start":{"line":35,"column":44},"end":{"line":35,"column":null}},"4":{"start":{"line":36,"column":52},"end":{"line":36,"column":null}},"5":{"start":{"line":37,"column":38},"end":{"line":37,"column":null}},"6":{"start":{"line":40,"column":40},"end":{"line":40,"column":null}},"7":{"start":{"line":41,"column":34},"end":{"line":41,"column":null}},"8":{"start":{"line":42,"column":40},"end":{"line":42,"column":null}},"9":{"start":{"line":43,"column":34},"end":{"line":43,"column":null}},"10":{"start":{"line":44,"column":40},"end":{"line":44,"column":null}},"11":{"start":{"line":45,"column":54},"end":{"line":45,"column":null}},"12":{"start":{"line":46,"column":48},"end":{"line":46,"column":null}},"13":{"start":{"line":47,"column":54},"end":{"line":47,"column":null}},"14":{"start":{"line":49,"column":2},"end":{"line":49,"column":null}},"15":{"start":{"line":49,"column":24},"end":{"line":49,"column":null}},"16":{"start":{"line":51,"column":8},"end":{"line":55,"column":null}},"17":{"start":{"line":52,"column":4},"end":{"line":52,"column":null}},"18":{"start":{"line":53,"column":4},"end":{"line":53,"column":null}},"19":{"start":{"line":54,"column":4},"end":{"line":54,"column":null}},"20":{"start":{"line":57,"column":28},"end":{"line":75,"column":null}},"21":{"start":{"line":58,"column":4},"end":{"line":58,"column":null}},"22":{"start":{"line":59,"column":4},"end":{"line":59,"column":null}},"23":{"start":{"line":61,"column":4},"end":{"line":64,"column":null}},"24":{"start":{"line":62,"column":6},"end":{"line":62,"column":null}},"25":{"start":{"line":63,"column":6},"end":{"line":63,"column":null}},"26":{"start":{"line":65,"column":4},"end":{"line":68,"column":null}},"27":{"start":{"line":66,"column":6},"end":{"line":66,"column":null}},"28":{"start":{"line":67,"column":6},"end":{"line":67,"column":null}},"29":{"start":{"line":70,"column":4},"end":{"line":74,"column":null}},"30":{"start":{"line":77,"column":31},"end":{"line":109,"column":null}},"31":{"start":{"line":78,"column":4},"end":{"line":78,"column":null}},"32":{"start":{"line":79,"column":4},"end":{"line":79,"column":null}},"33":{"start":{"line":81,"column":4},"end":{"line":84,"column":null}},"34":{"start":{"line":82,"column":6},"end":{"line":82,"column":null}},"35":{"start":{"line":83,"column":6},"end":{"line":83,"column":null}},"36":{"start":{"line":85,"column":4},"end":{"line":88,"column":null}},"37":{"start":{"line":86,"column":6},"end":{"line":86,"column":null}},"38":{"start":{"line":87,"column":6},"end":{"line":87,"column":null}},"39":{"start":{"line":89,"column":4},"end":{"line":92,"column":null}},"40":{"start":{"line":90,"column":6},"end":{"line":90,"column":null}},"41":{"start":{"line":91,"column":6},"end":{"line":91,"column":null}},"42":{"start":{"line":93,"column":4},"end":{"line":96,"column":null}},"43":{"start":{"line":94,"column":6},"end":{"line":94,"column":null}},"44":{"start":{"line":95,"column":6},"end":{"line":95,"column":null}},"45":{"start":{"line":97,"column":4},"end":{"line":100,"column":null}},"46":{"start":{"line":98,"column":6},"end":{"line":98,"column":null}},"47":{"start":{"line":99,"column":6},"end":{"line":99,"column":null}},"48":{"start":{"line":102,"column":4},"end":{"line":108,"column":null}},"49":{"start":{"line":111,"column":23},"end":{"line":111,"column":null}},"50":{"start":{"line":113,"column":2},"end":{"line":422,"column":null}},"51":{"start":{"line":120,"column":24},"end":{"line":120,"column":null}},"52":{"start":{"line":143,"column":27},"end":{"line":143,"column":null}},"53":{"start":{"line":155,"column":27},"end":{"line":155,"column":null}},"54":{"start":{"line":188,"column":37},"end":{"line":188,"column":null}},"55":{"start":{"line":205,"column":37},"end":{"line":205,"column":null}},"56":{"start":{"line":211,"column":35},"end":{"line":211,"column":null}},"57":{"start":{"line":225,"column":37},"end":{"line":225,"column":null}},"58":{"start":{"line":232,"column":33},"end":{"line":232,"column":null}},"59":{"start":{"line":266,"column":35},"end":{"line":266,"column":null}},"60":{"start":{"line":278,"column":35},"end":{"line":278,"column":null}},"61":{"start":{"line":302,"column":37},"end":{"line":302,"column":null}},"62":{"start":{"line":320,"column":39},"end":{"line":320,"column":null}},"63":{"start":{"line":336,"column":39},"end":{"line":336,"column":null}},"64":{"start":{"line":353,"column":37},"end":{"line":353,"column":null}},"65":{"start":{"line":370,"column":39},"end":{"line":370,"column":null}},"66":{"start":{"line":376,"column":37},"end":{"line":376,"column":null}},"67":{"start":{"line":393,"column":39},"end":{"line":393,"column":null}}},"fnMap":{"0":{"name":"(anonymous_0)","decl":{"start":{"line":19,"column":13},"end":{"line":19,"column":41}},"loc":{"start":{"line":19,"column":41},"end":{"line":424,"column":null}},"line":19},"1":{"name":"(anonymous_1)","decl":{"start":{"line":51,"column":8},"end":{"line":51,"column":27}},"loc":{"start":{"line":51,"column":57},"end":{"line":55,"column":null}},"line":51},"2":{"name":"(anonymous_2)","decl":{"start":{"line":57,"column":28},"end":{"line":57,"column":35}},"loc":{"start":{"line":57,"column":58},"end":{"line":75,"column":null}},"line":57},"3":{"name":"(anonymous_3)","decl":{"start":{"line":77,"column":31},"end":{"line":77,"column":38}},"loc":{"start":{"line":77,"column":61},"end":{"line":109,"column":null}},"line":77},"4":{"name":"(anonymous_4)","decl":{"start":{"line":120,"column":8},"end":{"line":120,"column":18}},"loc":{"start":{"line":120,"column":24},"end":{"line":120,"column":null}},"line":120},"5":{"name":"(anonymous_5)","decl":{"start":{"line":143,"column":12},"end":{"line":143,"column":27}},"loc":{"start":{"line":143,"column":27},"end":{"line":143,"column":null}},"line":143},"6":{"name":"(anonymous_6)","decl":{"start":{"line":155,"column":12},"end":{"line":155,"column":27}},"loc":{"start":{"line":155,"column":27},"end":{"line":155,"column":null}},"line":155},"7":{"name":"(anonymous_7)","decl":{"start":{"line":188,"column":20},"end":{"line":188,"column":31}},"loc":{"start":{"line":188,"column":37},"end":{"line":188,"column":null}},"line":188},"8":{"name":"(anonymous_8)","decl":{"start":{"line":205,"column":20},"end":{"line":205,"column":31}},"loc":{"start":{"line":205,"column":37},"end":{"line":205,"column":null}},"line":205},"9":{"name":"(anonymous_9)","decl":{"start":{"line":211,"column":20},"end":{"line":211,"column":35}},"loc":{"start":{"line":211,"column":35},"end":{"line":211,"column":null}},"line":211},"10":{"name":"(anonymous_10)","decl":{"start":{"line":225,"column":20},"end":{"line":225,"column":31}},"loc":{"start":{"line":225,"column":37},"end":{"line":225,"column":null}},"line":225},"11":{"name":"(anonymous_11)","decl":{"start":{"line":232,"column":18},"end":{"line":232,"column":33}},"loc":{"start":{"line":232,"column":33},"end":{"line":232,"column":null}},"line":232},"12":{"name":"(anonymous_12)","decl":{"start":{"line":266,"column":20},"end":{"line":266,"column":35}},"loc":{"start":{"line":266,"column":35},"end":{"line":266,"column":null}},"line":266},"13":{"name":"(anonymous_13)","decl":{"start":{"line":278,"column":20},"end":{"line":278,"column":35}},"loc":{"start":{"line":278,"column":35},"end":{"line":278,"column":null}},"line":278},"14":{"name":"(anonymous_14)","decl":{"start":{"line":302,"column":20},"end":{"line":302,"column":31}},"loc":{"start":{"line":302,"column":37},"end":{"line":302,"column":null}},"line":302},"15":{"name":"(anonymous_15)","decl":{"start":{"line":320,"column":22},"end":{"line":320,"column":33}},"loc":{"start":{"line":320,"column":39},"end":{"line":320,"column":null}},"line":320},"16":{"name":"(anonymous_16)","decl":{"start":{"line":336,"column":22},"end":{"line":336,"column":33}},"loc":{"start":{"line":336,"column":39},"end":{"line":336,"column":null}},"line":336},"17":{"name":"(anonymous_17)","decl":{"start":{"line":353,"column":20},"end":{"line":353,"column":31}},"loc":{"start":{"line":353,"column":37},"end":{"line":353,"column":null}},"line":353},"18":{"name":"(anonymous_18)","decl":{"start":{"line":370,"column":22},"end":{"line":370,"column":33}},"loc":{"start":{"line":370,"column":39},"end":{"line":370,"column":null}},"line":370},"19":{"name":"(anonymous_19)","decl":{"start":{"line":376,"column":22},"end":{"line":376,"column":37}},"loc":{"start":{"line":376,"column":37},"end":{"line":376,"column":null}},"line":376},"20":{"name":"(anonymous_20)","decl":{"start":{"line":393,"column":22},"end":{"line":393,"column":33}},"loc":{"start":{"line":393,"column":39},"end":{"line":393,"column":null}},"line":393}},"branchMap":{"0":{"loc":{"start":{"line":49,"column":2},"end":{"line":49,"column":null}},"type":"if","locations":[{"start":{"line":49,"column":2},"end":{"line":49,"column":null}},{"start":{},"end":{}}],"line":49},"1":{"loc":{"start":{"line":61,"column":4},"end":{"line":64,"column":null}},"type":"if","locations":[{"start":{"line":61,"column":4},"end":{"line":64,"column":null}},{"start":{},"end":{}}],"line":61},"2":{"loc":{"start":{"line":65,"column":4},"end":{"line":68,"column":null}},"type":"if","locations":[{"start":{"line":65,"column":4},"end":{"line":68,"column":null}},{"start":{},"end":{}}],"line":65},"3":{"loc":{"start":{"line":81,"column":4},"end":{"line":84,"column":null}},"type":"if","locations":[{"start":{"line":81,"column":4},"end":{"line":84,"column":null}},{"start":{},"end":{}}],"line":81},"4":{"loc":{"start":{"line":85,"column":4},"end":{"line":88,"column":null}},"type":"if","locations":[{"start":{"line":85,"column":4},"end":{"line":88,"column":null}},{"start":{},"end":{}}],"line":85},"5":{"loc":{"start":{"line":85,"column":8},"end":{"line":85,"column":53}},"type":"binary-expr","locations":[{"start":{"line":85,"column":8},"end":{"line":85,"column":28}},{"start":{"line":85,"column":28},"end":{"line":85,"column":53}}],"line":85},"6":{"loc":{"start":{"line":89,"column":4},"end":{"line":92,"column":null}},"type":"if","locations":[{"start":{"line":89,"column":4},"end":{"line":92,"column":null}},{"start":{},"end":{}}],"line":89},"7":{"loc":{"start":{"line":89,"column":8},"end":{"line":89,"column":62}},"type":"binary-expr","locations":[{"start":{"line":89,"column":8},"end":{"line":89,"column":31}},{"start":{"line":89,"column":31},"end":{"line":89,"column":62}}],"line":89},"8":{"loc":{"start":{"line":93,"column":4},"end":{"line":96,"column":null}},"type":"if","locations":[{"start":{"line":93,"column":4},"end":{"line":96,"column":null}},{"start":{},"end":{}}],"line":93},"9":{"loc":{"start":{"line":93,"column":8},"end":{"line":93,"column":48}},"type":"binary-expr","locations":[{"start":{"line":93,"column":8},"end":{"line":93,"column":24}},{"start":{"line":93,"column":24},"end":{"line":93,"column":48}}],"line":93},"10":{"loc":{"start":{"line":97,"column":4},"end":{"line":100,"column":null}},"type":"if","locations":[{"start":{"line":97,"column":4},"end":{"line":100,"column":null}},{"start":{},"end":{}}],"line":97},"11":{"loc":{"start":{"line":111,"column":23},"end":{"line":111,"column":null}},"type":"binary-expr","locations":[{"start":{"line":111,"column":23},"end":{"line":111,"column":45}},{"start":{"line":111,"column":45},"end":{"line":111,"column":null}}],"line":111},"12":{"loc":{"start":{"line":127,"column":15},"end":{"line":127,"column":null}},"type":"cond-expr","locations":[{"start":{"line":127,"column":42},"end":{"line":127,"column":66}},{"start":{"line":127,"column":66},"end":{"line":127,"column":null}}],"line":127},"13":{"loc":{"start":{"line":145,"column":14},"end":{"line":147,"column":null}},"type":"cond-expr","locations":[{"start":{"line":146,"column":18},"end":{"line":146,"column":null}},{"start":{"line":147,"column":18},"end":{"line":147,"column":null}}],"line":145},"14":{"loc":{"start":{"line":157,"column":14},"end":{"line":159,"column":null}},"type":"cond-expr","locations":[{"start":{"line":158,"column":18},"end":{"line":158,"column":null}},{"start":{"line":159,"column":18},"end":{"line":159,"column":null}}],"line":157},"15":{"loc":{"start":{"line":169,"column":11},"end":{"line":177,"column":28}},"type":"binary-expr","locations":[{"start":{"line":169,"column":11},"end":{"line":169,"column":null}},{"start":{"line":170,"column":12},"end":{"line":177,"column":28}}],"line":169},"16":{"loc":{"start":{"line":177,"column":11},"end":{"line":420,"column":null}},"type":"cond-expr","locations":[{"start":{"line":178,"column":12},"end":{"line":289,"column":null}},{"start":{"line":292,"column":12},"end":{"line":420,"column":null}}],"line":177},"17":{"loc":{"start":{"line":203,"column":26},"end":{"line":203,"column":null}},"type":"cond-expr","locations":[{"start":{"line":203,"column":46},"end":{"line":203,"column":55}},{"start":{"line":203,"column":55},"end":{"line":203,"column":null}}],"line":203},"18":{"loc":{"start":{"line":215,"column":21},"end":{"line":215,"column":null}},"type":"cond-expr","locations":[{"start":{"line":215,"column":41},"end":{"line":215,"column":75}},{"start":{"line":215,"column":74},"end":{"line":215,"column":null}}],"line":215},"19":{"loc":{"start":{"line":244,"column":17},"end":{"line":253,"column":null}},"type":"cond-expr","locations":[{"start":{"line":245,"column":18},"end":{"line":250,"column":null}},{"start":{"line":250,"column":18},"end":{"line":253,"column":null}}],"line":244},"20":{"loc":{"start":{"line":368,"column":28},"end":{"line":368,"column":null}},"type":"cond-expr","locations":[{"start":{"line":368,"column":46},"end":{"line":368,"column":55}},{"start":{"line":368,"column":55},"end":{"line":368,"column":null}}],"line":368},"21":{"loc":{"start":{"line":379,"column":23},"end":{"line":379,"column":null}},"type":"cond-expr","locations":[{"start":{"line":379,"column":41},"end":{"line":379,"column":79}},{"start":{"line":379,"column":78},"end":{"line":379,"column":null}}],"line":379},"22":{"loc":{"start":{"line":391,"column":28},"end":{"line":391,"column":null}},"type":"cond-expr","locations":[{"start":{"line":391,"column":46},"end":{"line":391,"column":55}},{"start":{"line":391,"column":55},"end":{"line":391,"column":null}}],"line":391},"23":{"loc":{"start":{"line":406,"column":17},"end":{"line":415,"column":null}},"type":"cond-expr","locations":[{"start":{"line":407,"column":18},"end":{"line":412,"column":null}},{"start":{"line":412,"column":18},"end":{"line":415,"column":null}}],"line":406}},"s":{"0":1,"1":13,"2":13,"3":13,"4":13,"5":13,"6":13,"7":13,"8":13,"9":13,"10":13,"11":13,"12":13,"13":13,"14":13,"15":3,"16":10,"17":1,"18":1,"19":1,"20":10,"21":2,"22":2,"23":2,"24":1,"25":1,"26":1,"27":0,"28":0,"29":1,"30":10,"31":0,"32":0,"33":0,"34":0,"35":0,"36":0,"37":0,"38":0,"39":0,"40":0,"41":0,"42":0,"43":0,"44":0,"45":0,"46":0,"47":0,"48":0,"49":10,"50":13,"51":4,"52":0,"53":1,"54":1,"55":1,"56":0,"57":0,"58":0,"59":1,"60":0,"61":0,"62":0,"63":0,"64":0,"65":0,"66":0,"67":0},"f":{"0":13,"1":1,"2":2,"3":0,"4":4,"5":0,"6":1,"7":1,"8":1,"9":0,"10":0,"11":0,"12":1,"13":0,"14":0,"15":0,"16":0,"17":0,"18":0,"19":0,"20":0},"b":{"0":[3,10],"1":[1,1],"2":[0,1],"3":[0,0],"4":[0,0],"5":[0,0],"6":[0,0],"7":[0,0],"8":[0,0],"9":[0,0],"10":[0,0],"11":[10,9],"12":[9,1],"13":[9,1],"14":[1,9],"15":[13,1],"16":[9,1],"17":[0,9],"18":[0,9],"19":[1,8],"20":[0,1],"21":[0,1],"22":[0,1],"23":[0,1]},"meta":{"lastBranch":24,"lastFunction":21,"lastStatement":68,"seen":{"s:19:13:424:Infinity":0,"f:19:13:19:41":0,"s:31:6:31:19":1,"s:34:44:34:Infinity":2,"s:35:44:35:Infinity":3,"s:36:52:36:Infinity":4,"s:37:38:37:Infinity":5,"s:40:40:40:Infinity":6,"s:41:34:41:Infinity":7,"s:42:40:42:Infinity":8,"s:43:34:43:Infinity":9,"s:44:40:44:Infinity":10,"s:45:54:45:Infinity":11,"s:46:48:46:Infinity":12,"s:47:54:47:Infinity":13,"b:49:2:49:Infinity:undefined:undefined:undefined:undefined":0,"s:49:2:49:Infinity":14,"s:49:24:49:Infinity":15,"s:51:8:55:Infinity":16,"f:51:8:51:27":1,"s:52:4:52:Infinity":17,"s:53:4:53:Infinity":18,"s:54:4:54:Infinity":19,"s:57:28:75:Infinity":20,"f:57:28:57:35":2,"s:58:4:58:Infinity":21,"s:59:4:59:Infinity":22,"b:61:4:64:Infinity:undefined:undefined:undefined:undefined":1,"s:61:4:64:Infinity":23,"s:62:6:62:Infinity":24,"s:63:6:63:Infinity":25,"b:65:4:68:Infinity:undefined:undefined:undefined:undefined":2,"s:65:4:68:Infinity":26,"s:66:6:66:Infinity":27,"s:67:6:67:Infinity":28,"s:70:4:74:Infinity":29,"s:77:31:109:Infinity":30,"f:77:31:77:38":3,"s:78:4:78:Infinity":31,"s:79:4:79:Infinity":32,"b:81:4:84:Infinity:undefined:undefined:undefined:undefined":3,"s:81:4:84:Infinity":33,"s:82:6:82:Infinity":34,"s:83:6:83:Infinity":35,"b:85:4:88:Infinity:undefined:undefined:undefined:undefined":4,"s:85:4:88:Infinity":36,"b:85:8:85:28:85:28:85:53":5,"s:86:6:86:Infinity":37,"s:87:6:87:Infinity":38,"b:89:4:92:Infinity:undefined:undefined:undefined:undefined":6,"s:89:4:92:Infinity":39,"b:89:8:89:31:89:31:89:62":7,"s:90:6:90:Infinity":40,"s:91:6:91:Infinity":41,"b:93:4:96:Infinity:undefined:undefined:undefined:undefined":8,"s:93:4:96:Infinity":42,"b:93:8:93:24:93:24:93:48":9,"s:94:6:94:Infinity":43,"s:95:6:95:Infinity":44,"b:97:4:100:Infinity:undefined:undefined:undefined:undefined":10,"s:97:4:100:Infinity":45,"s:98:6:98:Infinity":46,"s:99:6:99:Infinity":47,"s:102:4:108:Infinity":48,"s:111:23:111:Infinity":49,"b:111:23:111:45:111:45:111:Infinity":11,"s:113:2:422:Infinity":50,"f:120:8:120:18":4,"s:120:24:120:Infinity":51,"b:127:42:127:66:127:66:127:Infinity":12,"f:143:12:143:27":5,"s:143:27:143:Infinity":52,"b:146:18:146:Infinity:147:18:147:Infinity":13,"f:155:12:155:27":6,"s:155:27:155:Infinity":53,"b:158:18:158:Infinity:159:18:159:Infinity":14,"b:169:11:169:Infinity:170:12:177:28":15,"b:178:12:289:Infinity:292:12:420:Infinity":16,"f:188:20:188:31":7,"s:188:37:188:Infinity":54,"b:203:46:203:55:203:55:203:Infinity":17,"f:205:20:205:31":8,"s:205:37:205:Infinity":55,"f:211:20:211:35":9,"s:211:35:211:Infinity":56,"b:215:41:215:75:215:74:215:Infinity":18,"f:225:20:225:31":10,"s:225:37:225:Infinity":57,"f:232:18:232:33":11,"s:232:33:232:Infinity":58,"b:245:18:250:Infinity:250:18:253:Infinity":19,"f:266:20:266:35":12,"s:266:35:266:Infinity":59,"f:278:20:278:35":13,"s:278:35:278:Infinity":60,"f:302:20:302:31":14,"s:302:37:302:Infinity":61,"f:320:22:320:33":15,"s:320:39:320:Infinity":62,"f:336:22:336:33":16,"s:336:39:336:Infinity":63,"f:353:20:353:31":17,"s:353:37:353:Infinity":64,"b:368:46:368:55:368:55:368:Infinity":20,"f:370:22:370:33":18,"s:370:39:370:Infinity":65,"f:376:22:376:37":19,"s:376:37:376:Infinity":66,"b:379:41:379:79:379:78:379:Infinity":21,"b:391:46:391:55:391:55:391:Infinity":22,"f:393:22:393:33":20,"s:393:39:393:Infinity":67,"b:407:18:412:Infinity:412:18:415:Infinity":23},"fnNames":{}}}
,"C:\\Users\\D\\workplace\\Graduation Project\\src\\frontend\\src\\components\\CartDrawer.tsx": {"path":"C:\\Users\\D\\workplace\\Graduation Project\\src\\frontend\\src\\components\\CartDrawer.tsx","statementMap":{"0":{"start":{"line":9,"column":13},"end":{"line":214,"column":null}},"1":{"start":{"line":22,"column":6},"end":{"line":22,"column":19}},"2":{"start":{"line":24,"column":50},"end":{"line":24,"column":null}},"3":{"start":{"line":25,"column":48},"end":{"line":25,"column":null}},"4":{"start":{"line":27,"column":2},"end":{"line":27,"column":null}},"5":{"start":{"line":27,"column":15},"end":{"line":27,"column":null}},"6":{"start":{"line":29,"column":8},"end":{"line":34,"column":null}},"7":{"start":{"line":30,"column":4},"end":{"line":30,"column":null}},"8":{"start":{"line":31,"column":4},"end":{"line":31,"column":null}},"9":{"start":{"line":31,"column":34},"end":{"line":31,"column":null}},"10":{"start":{"line":32,"column":16},"end":{"line":32,"column":null}},"11":{"start":{"line":33,"column":4},"end":{"line":33,"column":null}},"12":{"start":{"line":36,"column":8},"end":{"line":38,"column":null}},"13":{"start":{"line":37,"column":4},"end":{"line":37,"column":null}},"14":{"start":{"line":40,"column":2},"end":{"line":212,"column":null}},"15":{"start":{"line":57,"column":45},"end":{"line":57,"column":66}},"16":{"start":{"line":72,"column":16},"end":{"line":120,"column":null}},"17":{"start":{"line":95,"column":41},"end":{"line":95,"column":null}},"18":{"start":{"line":104,"column":41},"end":{"line":104,"column":null}},"19":{"start":{"line":112,"column":39},"end":{"line":112,"column":null}},"20":{"start":{"line":144,"column":24},"end":{"line":144,"column":null}},"21":{"start":{"line":145,"column":24},"end":{"line":145,"column":null}}},"fnMap":{"0":{"name":"(anonymous_0)","decl":{"start":{"line":9,"column":13},"end":{"line":9,"column":54}},"loc":{"start":{"line":9,"column":73},"end":{"line":214,"column":null}},"line":9},"1":{"name":"(anonymous_1)","decl":{"start":{"line":29,"column":8},"end":{"line":29,"column":36}},"loc":{"start":{"line":29,"column":59},"end":{"line":34,"column":null}},"line":29},"2":{"name":"(anonymous_2)","decl":{"start":{"line":36,"column":8},"end":{"line":36,"column":21}},"loc":{"start":{"line":36,"column":37},"end":{"line":38,"column":null}},"line":36},"3":{"name":"(anonymous_3)","decl":{"start":{"line":57,"column":23},"end":{"line":57,"column":31}},"loc":{"start":{"line":57,"column":45},"end":{"line":57,"column":66}},"line":57},"4":{"name":"(anonymous_4)","decl":{"start":{"line":71,"column":20},"end":{"line":71,"column":25}},"loc":{"start":{"line":72,"column":16},"end":{"line":120,"column":null}},"line":72},"5":{"name":"(anonymous_5)","decl":{"start":{"line":95,"column":26},"end":{"line":95,"column":41}},"loc":{"start":{"line":95,"column":41},"end":{"line":95,"column":null}},"line":95},"6":{"name":"(anonymous_6)","decl":{"start":{"line":104,"column":26},"end":{"line":104,"column":41}},"loc":{"start":{"line":104,"column":41},"end":{"line":104,"column":null}},"line":104},"7":{"name":"(anonymous_7)","decl":{"start":{"line":112,"column":24},"end":{"line":112,"column":39}},"loc":{"start":{"line":112,"column":39},"end":{"line":112,"column":null}},"line":112},"8":{"name":"(anonymous_8)","decl":{"start":{"line":143,"column":22},"end":{"line":143,"column":33}},"loc":{"start":{"line":143,"column":39},"end":{"line":146,"column":null}},"line":143}},"branchMap":{"0":{"loc":{"start":{"line":27,"column":2},"end":{"line":27,"column":null}},"type":"if","locations":[{"start":{"line":27,"column":2},"end":{"line":27,"column":null}},{"start":{},"end":{}}],"line":27},"1":{"loc":{"start":{"line":31,"column":4},"end":{"line":31,"column":null}},"type":"if","locations":[{"start":{"line":31,"column":4},"end":{"line":31,"column":null}},{"start":{},"end":{}}],"line":31},"2":{"loc":{"start":{"line":70,"column":13},"end":{"line":127,"column":null}},"type":"cond-expr","locations":[{"start":{"line":71,"column":14},"end":{"line":121,"column":null}},{"start":{"line":123,"column":14},"end":{"line":127,"column":null}}],"line":70},"3":{"loc":{"start":{"line":132,"column":11},"end":{"line":208,"column":null}},"type":"binary-expr","locations":[{"start":{"line":132,"column":11},"end":{"line":132,"column":null}},{"start":{"line":133,"column":12},"end":{"line":208,"column":null}}],"line":132},"4":{"loc":{"start":{"line":158,"column":17},"end":{"line":161,"column":null}},"type":"binary-expr","locations":[{"start":{"line":158,"column":17},"end":{"line":158,"column":null}},{"start":{"line":159,"column":18},"end":{"line":161,"column":null}}],"line":158},"5":{"loc":{"start":{"line":159,"column":66},"end":{"line":159,"column":null}},"type":"cond-expr","locations":[{"start":{"line":159,"column":92},"end":{"line":159,"column":113}},{"start":{"line":159,"column":113},"end":{"line":159,"column":null}}],"line":159},"6":{"loc":{"start":{"line":164,"column":17},"end":{"line":173,"column":null}},"type":"binary-expr","locations":[{"start":{"line":164,"column":17},"end":{"line":164,"column":null}},{"start":{"line":165,"column":18},"end":{"line":173,"column":null}}],"line":164},"7":{"loc":{"start":{"line":183,"column":17},"end":{"line":187,"column":null}},"type":"binary-expr","locations":[{"start":{"line":183,"column":17},"end":{"line":183,"column":null}},{"start":{"line":184,"column":18},"end":{"line":187,"column":null}}],"line":183}},"s":{"0":1,"1":4,"2":4,"3":4,"4":4,"5":1,"6":3,"7":0,"8":0,"9":0,"10":0,"11":0,"12":3,"13":6,"14":3,"15":2,"16":2,"17":0,"18":0,"19":0,"20":0,"21":0},"f":{"0":4,"1":0,"2":6,"3":2,"4":2,"5":0,"6":0,"7":0,"8":0},"b":{"0":[1,3],"1":[0,0],"2":[2,1],"3":[4,2],"4":[2,0],"5":[0,0],"6":[2,0],"7":[2,0]},"meta":{"lastBranch":8,"lastFunction":9,"lastStatement":22,"seen":{"s:9:13:214:Infinity":0,"f:9:13:9:54":0,"s:22:6:22:19":1,"s:24:50:24:Infinity":2,"s:25:48:25:Infinity":3,"b:27:2:27:Infinity:undefined:undefined:undefined:undefined":0,"s:27:2:27:Infinity":4,"s:27:15:27:Infinity":5,"s:29:8:34:Infinity":6,"f:29:8:29:36":1,"s:30:4:30:Infinity":7,"b:31:4:31:Infinity:undefined:undefined:undefined:undefined":1,"s:31:4:31:Infinity":8,"s:31:34:31:Infinity":9,"s:32:16:32:Infinity":10,"s:33:4:33:Infinity":11,"s:36:8:38:Infinity":12,"f:36:8:36:21":2,"s:37:4:37:Infinity":13,"s:40:2:212:Infinity":14,"f:57:23:57:31":3,"s:57:45:57:66":15,"b:71:14:121:Infinity:123:14:127:Infinity":2,"f:71:20:71:25":4,"s:72:16:120:Infinity":16,"f:95:26:95:41":5,"s:95:41:95:Infinity":17,"f:104:26:104:41":6,"s:104:41:104:Infinity":18,"f:112:24:112:39":7,"s:112:39:112:Infinity":19,"b:132:11:132:Infinity:133:12:208:Infinity":3,"f:143:22:143:33":8,"s:144:24:144:Infinity":20,"s:145:24:145:Infinity":21,"b:158:17:158:Infinity:159:18:161:Infinity":4,"b:159:92:159:113:159:113:159:Infinity":5,"b:164:17:164:Infinity:165:18:173:Infinity":6,"b:183:17:183:Infinity:184:18:187:Infinity":7},"fnNames":{}}}
,"C:\\Users\\D\\workplace\\Graduation Project\\src\\frontend\\src\\components\\CheckoutModal.tsx": {"path":"C:\\Users\\D\\workplace\\Graduation Project\\src\\frontend\\src\\components\\CheckoutModal.tsx","statementMap":{"0":{"start":{"line":13,"column":13},"end":{"line":283,"column":null}},"1":{"start":{"line":14,"column":83},"end":{"line":14,"column":96}},"2":{"start":{"line":15,"column":23},"end":{"line":15,"column":null}},"3":{"start":{"line":15,"column":51},"end":{"line":15,"column":69}},"4":{"start":{"line":16,"column":25},"end":{"line":16,"column":null}},"5":{"start":{"line":16,"column":53},"end":{"line":16,"column":73}},"6":{"start":{"line":18,"column":34},"end":{"line":25,"column":null}},"7":{"start":{"line":27,"column":42},"end":{"line":27,"column":null}},"8":{"start":{"line":29,"column":2},"end":{"line":29,"column":null}},"9":{"start":{"line":29,"column":15},"end":{"line":29,"column":null}},"10":{"start":{"line":31,"column":8},"end":{"line":33,"column":null}},"11":{"start":{"line":32,"column":4},"end":{"line":32,"column":null}},"12":{"start":{"line":35,"column":28},"end":{"line":76,"column":null}},"13":{"start":{"line":36,"column":4},"end":{"line":36,"column":null}},"14":{"start":{"line":37,"column":4},"end":{"line":37,"column":null}},"15":{"start":{"line":39,"column":25},"end":{"line":39,"column":null}},"16":{"start":{"line":39,"column":44},"end":{"line":39,"column":68}},"17":{"start":{"line":41,"column":4},"end":{"line":75,"column":null}},"18":{"start":{"line":44,"column":6},"end":{"line":52,"column":null}},"19":{"start":{"line":46,"column":20},"end":{"line":48,"column":null}},"20":{"start":{"line":49,"column":8},"end":{"line":51,"column":null}},"21":{"start":{"line":50,"column":10},"end":{"line":50,"column":null}},"22":{"start":{"line":54,"column":6},"end":{"line":54,"column":null}},"23":{"start":{"line":55,"column":6},"end":{"line":55,"column":null}},"24":{"start":{"line":57,"column":31},"end":{"line":57,"column":null}},"25":{"start":{"line":58,"column":6},"end":{"line":58,"column":null}},"26":{"start":{"line":60,"column":6},"end":{"line":71,"column":null}},"27":{"start":{"line":62,"column":8},"end":{"line":62,"column":null}},"28":{"start":{"line":63,"column":8},"end":{"line":63,"column":null}},"29":{"start":{"line":66,"column":8},"end":{"line":68,"column":null}},"30":{"start":{"line":67,"column":10},"end":{"line":67,"column":null}},"31":{"start":{"line":70,"column":8},"end":{"line":70,"column":null}},"32":{"start":{"line":73,"column":6},"end":{"line":73,"column":null}},"33":{"start":{"line":74,"column":6},"end":{"line":74,"column":null}},"34":{"start":{"line":78,"column":2},"end":{"line":281,"column":null}},"35":{"start":{"line":112,"column":35},"end":{"line":112,"column":null}},"36":{"start":{"line":125,"column":35},"end":{"line":125,"column":null}},"37":{"start":{"line":138,"column":35},"end":{"line":138,"column":null}},"38":{"start":{"line":151,"column":35},"end":{"line":151,"column":null}},"39":{"start":{"line":166,"column":33},"end":{"line":166,"column":null}},"40":{"start":{"line":185,"column":33},"end":{"line":185,"column":null}},"41":{"start":{"line":204,"column":33},"end":{"line":204,"column":null}},"42":{"start":{"line":226,"column":64},"end":{"line":226,"column":80}}},"fnMap":{"0":{"name":"(anonymous_0)","decl":{"start":{"line":13,"column":13},"end":{"line":13,"column":60}},"loc":{"start":{"line":13,"column":100},"end":{"line":283,"column":null}},"line":13},"1":{"name":"(anonymous_1)","decl":{"start":{"line":15,"column":23},"end":{"line":15,"column":42}},"loc":{"start":{"line":15,"column":51},"end":{"line":15,"column":69}},"line":15},"2":{"name":"(anonymous_2)","decl":{"start":{"line":16,"column":25},"end":{"line":16,"column":44}},"loc":{"start":{"line":16,"column":53},"end":{"line":16,"column":73}},"line":16},"3":{"name":"(anonymous_3)","decl":{"start":{"line":31,"column":8},"end":{"line":31,"column":21}},"loc":{"start":{"line":31,"column":37},"end":{"line":33,"column":null}},"line":31},"4":{"name":"(anonymous_4)","decl":{"start":{"line":35,"column":28},"end":{"line":35,"column":35}},"loc":{"start":{"line":35,"column":58},"end":{"line":76,"column":null}},"line":35},"5":{"name":"(anonymous_5)","decl":{"start":{"line":39,"column":31},"end":{"line":39,"column":36}},"loc":{"start":{"line":39,"column":44},"end":{"line":39,"column":68}},"line":39},"6":{"name":"(anonymous_6)","decl":{"start":{"line":66,"column":8},"end":{"line":66,"column":25}},"loc":{"start":{"line":66,"column":25},"end":{"line":68,"column":11}},"line":66},"7":{"name":"(anonymous_7)","decl":{"start":{"line":112,"column":18},"end":{"line":112,"column":29}},"loc":{"start":{"line":112,"column":35},"end":{"line":112,"column":null}},"line":112},"8":{"name":"(anonymous_8)","decl":{"start":{"line":125,"column":18},"end":{"line":125,"column":29}},"loc":{"start":{"line":125,"column":35},"end":{"line":125,"column":null}},"line":125},"9":{"name":"(anonymous_9)","decl":{"start":{"line":138,"column":18},"end":{"line":138,"column":29}},"loc":{"start":{"line":138,"column":35},"end":{"line":138,"column":null}},"line":138},"10":{"name":"(anonymous_10)","decl":{"start":{"line":151,"column":18},"end":{"line":151,"column":29}},"loc":{"start":{"line":151,"column":35},"end":{"line":151,"column":null}},"line":151},"11":{"name":"(anonymous_11)","decl":{"start":{"line":166,"column":18},"end":{"line":166,"column":33}},"loc":{"start":{"line":166,"column":33},"end":{"line":166,"column":null}},"line":166},"12":{"name":"(anonymous_12)","decl":{"start":{"line":177,"column":20},"end":{"line":177,"column":36}},"loc":{"start":{"line":177,"column":36},"end":{"line":177,"column":null}},"line":177},"13":{"name":"(anonymous_13)","decl":{"start":{"line":185,"column":18},"end":{"line":185,"column":33}},"loc":{"start":{"line":185,"column":33},"end":{"line":185,"column":null}},"line":185},"14":{"name":"(anonymous_14)","decl":{"start":{"line":196,"column":20},"end":{"line":196,"column":36}},"loc":{"start":{"line":196,"column":36},"end":{"line":196,"column":null}},"line":196},"15":{"name":"(anonymous_15)","decl":{"start":{"line":204,"column":18},"end":{"line":204,"column":33}},"loc":{"start":{"line":204,"column":33},"end":{"line":204,"column":null}},"line":204},"16":{"name":"(anonymous_16)","decl":{"start":{"line":215,"column":20},"end":{"line":215,"column":36}},"loc":{"start":{"line":215,"column":36},"end":{"line":215,"column":null}},"line":215},"17":{"name":"(anonymous_17)","decl":{"start":{"line":226,"column":47},"end":{"line":226,"column":55}},"loc":{"start":{"line":226,"column":64},"end":{"line":226,"column":80}},"line":226}},"branchMap":{"0":{"loc":{"start":{"line":19,"column":14},"end":{"line":19,"column":null}},"type":"binary-expr","locations":[{"start":{"line":19,"column":14},"end":{"line":19,"column":44}},{"start":{"line":19,"column":44},"end":{"line":19,"column":null}}],"line":19},"1":{"loc":{"start":{"line":29,"column":2},"end":{"line":29,"column":null}},"type":"if","locations":[{"start":{"line":29,"column":2},"end":{"line":29,"column":null}},{"start":{},"end":{}}],"line":29},"2":{"loc":{"start":{"line":49,"column":8},"end":{"line":51,"column":null}},"type":"if","locations":[{"start":{"line":49,"column":8},"end":{"line":51,"column":null}},{"start":{},"end":{}}],"line":49},"3":{"loc":{"start":{"line":60,"column":6},"end":{"line":71,"column":null}},"type":"if","locations":[{"start":{"line":60,"column":6},"end":{"line":71,"column":null}},{"start":{"line":69,"column":13},"end":{"line":71,"column":null}}],"line":60},"4":{"loc":{"start":{"line":168,"column":20},"end":{"line":170,"column":null}},"type":"cond-expr","locations":[{"start":{"line":169,"column":24},"end":{"line":169,"column":null}},{"start":{"line":170,"column":24},"end":{"line":170,"column":null}}],"line":168},"5":{"loc":{"start":{"line":187,"column":20},"end":{"line":189,"column":null}},"type":"cond-expr","locations":[{"start":{"line":188,"column":24},"end":{"line":188,"column":null}},{"start":{"line":189,"column":24},"end":{"line":189,"column":null}}],"line":187},"6":{"loc":{"start":{"line":206,"column":20},"end":{"line":208,"column":null}},"type":"cond-expr","locations":[{"start":{"line":207,"column":24},"end":{"line":207,"column":null}},{"start":{"line":208,"column":24},"end":{"line":208,"column":null}}],"line":206},"7":{"loc":{"start":{"line":229,"column":17},"end":{"line":233,"column":null}},"type":"binary-expr","locations":[{"start":{"line":229,"column":17},"end":{"line":229,"column":null}},{"start":{"line":230,"column":18},"end":{"line":233,"column":null}}],"line":229},"8":{"loc":{"start":{"line":268,"column":15},"end":{"line":274,"column":null}},"type":"cond-expr","locations":[{"start":{"line":269,"column":16},"end":{"line":274,"column":17}},{"start":{"line":274,"column":16},"end":{"line":274,"column":null}}],"line":268}},"s":{"0":1,"1":5,"2":5,"3":5,"4":5,"5":5,"6":5,"7":5,"8":5,"9":1,"10":4,"11":8,"12":4,"13":1,"14":1,"15":1,"16":1,"17":1,"18":1,"19":1,"20":1,"21":0,"22":1,"23":1,"24":1,"25":1,"26":1,"27":0,"28":0,"29":0,"30":0,"31":1,"32":0,"33":0,"34":4,"35":0,"36":0,"37":0,"38":0,"39":0,"40":0,"41":0,"42":3},"f":{"0":5,"1":5,"2":5,"3":8,"4":1,"5":1,"6":0,"7":0,"8":0,"9":0,"10":0,"11":0,"12":0,"13":0,"14":0,"15":0,"16":0,"17":3},"b":{"0":[5,0],"1":[1,4],"2":[0,1],"3":[0,1],"4":[4,0],"5":[0,4],"6":[0,4],"7":[5,0],"8":[1,3]},"meta":{"lastBranch":9,"lastFunction":18,"lastStatement":43,"seen":{"s:13:13:283:Infinity":0,"f:13:13:13:60":0,"s:14:83:14:96":1,"s:15:23:15:Infinity":2,"f:15:23:15:42":1,"s:15:51:15:69":3,"s:16:25:16:Infinity":4,"f:16:25:16:44":2,"s:16:53:16:73":5,"s:18:34:25:Infinity":6,"b:19:14:19:44:19:44:19:Infinity":0,"s:27:42:27:Infinity":7,"b:29:2:29:Infinity:undefined:undefined:undefined:undefined":1,"s:29:2:29:Infinity":8,"s:29:15:29:Infinity":9,"s:31:8:33:Infinity":10,"f:31:8:31:21":3,"s:32:4:32:Infinity":11,"s:35:28:76:Infinity":12,"f:35:28:35:35":4,"s:36:4:36:Infinity":13,"s:37:4:37:Infinity":14,"s:39:25:39:Infinity":15,"f:39:31:39:36":5,"s:39:44:39:68":16,"s:41:4:75:Infinity":17,"s:44:6:52:Infinity":18,"s:46:20:48:Infinity":19,"b:49:8:51:Infinity:undefined:undefined:undefined:undefined":2,"s:49:8:51:Infinity":20,"s:50:10:50:Infinity":21,"s:54:6:54:Infinity":22,"s:55:6:55:Infinity":23,"s:57:31:57:Infinity":24,"s:58:6:58:Infinity":25,"b:60:6:71:Infinity:69:13:71:Infinity":3,"s:60:6:71:Infinity":26,"s:62:8:62:Infinity":27,"s:63:8:63:Infinity":28,"s:66:8:68:Infinity":29,"f:66:8:66:25":6,"s:67:10:67:Infinity":30,"s:70:8:70:Infinity":31,"s:73:6:73:Infinity":32,"s:74:6:74:Infinity":33,"s:78:2:281:Infinity":34,"f:112:18:112:29":7,"s:112:35:112:Infinity":35,"f:125:18:125:29":8,"s:125:35:125:Infinity":36,"f:138:18:138:29":9,"s:138:35:138:Infinity":37,"f:151:18:151:29":10,"s:151:35:151:Infinity":38,"f:166:18:166:33":11,"s:166:33:166:Infinity":39,"b:169:24:169:Infinity:170:24:170:Infinity":4,"f:177:20:177:36":12,"f:185:18:185:33":13,"s:185:33:185:Infinity":40,"b:188:24:188:Infinity:189:24:189:Infinity":5,"f:196:20:196:36":14,"f:204:18:204:33":15,"s:204:33:204:Infinity":41,"b:207:24:207:Infinity:208:24:208:Infinity":6,"f:215:20:215:36":16,"f:226:47:226:55":17,"s:226:64:226:80":42,"b:229:17:229:Infinity:230:18:233:Infinity":7,"b:269:16:274:17:274:16:274:Infinity":8},"fnNames":{}}}
,"C:\\Users\\D\\workplace\\Graduation Project\\src\\frontend\\src\\components\\CountdownTimer.tsx": {"path":"C:\\Users\\D\\workplace\\Graduation Project\\src\\frontend\\src\\components\\CountdownTimer.tsx","statementMap":{"0":{"start":{"line":9,"column":13},"end":{"line":57,"column":null}},"1":{"start":{"line":10,"column":34},"end":{"line":14,"column":null}},"2":{"start":{"line":16,"column":2},"end":{"line":34,"column":null}},"3":{"start":{"line":17,"column":18},"end":{"line":31,"column":null}},"4":{"start":{"line":18,"column":6},"end":{"line":30,"column":null}},"5":{"start":{"line":19,"column":8},"end":{"line":29,"column":null}},"6":{"start":{"line":20,"column":10},"end":{"line":20,"column":null}},"7":{"start":{"line":21,"column":15},"end":{"line":29,"column":null}},"8":{"start":{"line":22,"column":10},"end":{"line":22,"column":null}},"9":{"start":{"line":23,"column":15},"end":{"line":29,"column":null}},"10":{"start":{"line":24,"column":10},"end":{"line":24,"column":null}},"11":{"start":{"line":26,"column":10},"end":{"line":26,"column":null}},"12":{"start":{"line":27,"column":10},"end":{"line":27,"column":null}},"13":{"start":{"line":27,"column":24},"end":{"line":27,"column":null}},"14":{"start":{"line":28,"column":10},"end":{"line":28,"column":null}},"15":{"start":{"line":33,"column":4},"end":{"line":33,"column":null}},"16":{"start":{"line":33,"column":17},"end":{"line":33,"column":null}},"17":{"start":{"line":36,"column":8},"end":{"line":36,"column":null}},"18":{"start":{"line":36,"column":29},"end":{"line":36,"column":null}},"19":{"start":{"line":38,"column":2},"end":{"line":55,"column":null}}},"fnMap":{"0":{"name":"(anonymous_0)","decl":{"start":{"line":9,"column":13},"end":{"line":9,"column":62}},"loc":{"start":{"line":9,"column":96},"end":{"line":57,"column":null}},"line":9},"1":{"name":"(anonymous_1)","decl":{"start":{"line":16,"column":2},"end":{"line":16,"column":18}},"loc":{"start":{"line":16,"column":18},"end":{"line":34,"column":5}},"line":16},"2":{"name":"(anonymous_2)","decl":{"start":{"line":17,"column":18},"end":{"line":17,"column":36}},"loc":{"start":{"line":17,"column":36},"end":{"line":31,"column":7}},"line":17},"3":{"name":"(anonymous_3)","decl":{"start":{"line":18,"column":6},"end":{"line":18,"column":19}},"loc":{"start":{"line":18,"column":28},"end":{"line":30,"column":7}},"line":18},"4":{"name":"(anonymous_4)","decl":{"start":{"line":33,"column":4},"end":{"line":33,"column":17}},"loc":{"start":{"line":33,"column":17},"end":{"line":33,"column":null}},"line":33},"5":{"name":"(anonymous_5)","decl":{"start":{"line":36,"column":8},"end":{"line":36,"column":15}},"loc":{"start":{"line":36,"column":29},"end":{"line":36,"column":null}},"line":36}},"branchMap":{"0":{"loc":{"start":{"line":9,"column":64},"end":{"line":9,"column":81}},"type":"default-arg","locations":[{"start":{"line":9,"column":78},"end":{"line":9,"column":81}}],"line":9},"1":{"loc":{"start":{"line":19,"column":8},"end":{"line":29,"column":null}},"type":"if","locations":[{"start":{"line":19,"column":8},"end":{"line":29,"column":null}},{"start":{"line":21,"column":15},"end":{"line":29,"column":null}}],"line":19},"2":{"loc":{"start":{"line":21,"column":15},"end":{"line":29,"column":null}},"type":"if","locations":[{"start":{"line":21,"column":15},"end":{"line":29,"column":null}},{"start":{"line":23,"column":15},"end":{"line":29,"column":null}}],"line":21},"3":{"loc":{"start":{"line":23,"column":15},"end":{"line":29,"column":null}},"type":"if","locations":[{"start":{"line":23,"column":15},"end":{"line":29,"column":null}},{"start":{"line":25,"column":15},"end":{"line":29,"column":null}}],"line":23},"4":{"loc":{"start":{"line":27,"column":10},"end":{"line":27,"column":null}},"type":"if","locations":[{"start":{"line":27,"column":10},"end":{"line":27,"column":null}},{"start":{},"end":{}}],"line":27}},"s":{"0":2,"1":4,"2":4,"3":3,"4":2,"5":2,"6":2,"7":0,"8":0,"9":0,"10":0,"11":0,"12":0,"13":0,"14":0,"15":3,"16":3,"17":4,"18":12,"19":4},"f":{"0":4,"1":3,"2":2,"3":2,"4":3,"5":12},"b":{"0":[4],"1":[2,0],"2":[0,0],"3":[0,0],"4":[0,0]},"meta":{"lastBranch":5,"lastFunction":6,"lastStatement":20,"seen":{"s:9:13:57:Infinity":0,"f:9:13:9:62":0,"b:9:78:9:81":0,"s:10:34:14:Infinity":1,"s:16:2:34:Infinity":2,"f:16:2:16:18":1,"s:17:18:31:Infinity":3,"f:17:18:17:36":2,"s:18:6:30:Infinity":4,"f:18:6:18:19":3,"b:19:8:29:Infinity:21:15:29:Infinity":1,"s:19:8:29:Infinity":5,"s:20:10:20:Infinity":6,"b:21:15:29:Infinity:23:15:29:Infinity":2,"s:21:15:29:Infinity":7,"s:22:10:22:Infinity":8,"b:23:15:29:Infinity:25:15:29:Infinity":3,"s:23:15:29:Infinity":9,"s:24:10:24:Infinity":10,"s:26:10:26:Infinity":11,"b:27:10:27:Infinity:undefined:undefined:undefined:undefined":4,"s:27:10:27:Infinity":12,"s:27:24:27:Infinity":13,"s:28:10:28:Infinity":14,"s:33:4:33:Infinity":15,"f:33:4:33:17":4,"s:33:17:33:Infinity":16,"s:36:8:36:Infinity":17,"f:36:8:36:15":5,"s:36:29:36:Infinity":18,"s:38:2:55:Infinity":19},"fnNames":{}}}
,"C:\\Users\\D\\workplace\\Graduation Project\\src\\frontend\\src\\components\\FlashSaleSection.tsx": {"path":"C:\\Users\\D\\workplace\\Graduation Project\\src\\frontend\\src\\components\\FlashSaleSection.tsx","statementMap":{"0":{"start":{"line":13,"column":13},"end":{"line":98,"column":null}},"1":{"start":{"line":14,"column":59},"end":{"line":14,"column":77}},"2":{"start":{"line":16,"column":21},"end":{"line":16,"column":null}},"3":{"start":{"line":16,"column":39},"end":{"line":16,"column":60}},"4":{"start":{"line":17,"column":25},"end":{"line":17,"column":null}},"5":{"start":{"line":17,"column":48},"end":{"line":17,"column":73}},"6":{"start":{"line":19,"column":2},"end":{"line":96,"column":null}},"7":{"start":{"line":46,"column":27},"end":{"line":46,"column":null}},"8":{"start":{"line":47,"column":10},"end":{"line":70,"column":null}},"9":{"start":{"line":50,"column":29},"end":{"line":50,"column":null}},"10":{"start":{"line":80,"column":14},"end":{"line":85,"column":null}}},"fnMap":{"0":{"name":"(anonymous_0)","decl":{"start":{"line":13,"column":13},"end":{"line":13,"column":66}},"loc":{"start":{"line":13,"column":96},"end":{"line":98,"column":null}},"line":13},"1":{"name":"(anonymous_1)","decl":{"start":{"line":16,"column":27},"end":{"line":16,"column":33}},"loc":{"start":{"line":16,"column":39},"end":{"line":16,"column":60}},"line":16},"2":{"name":"(anonymous_2)","decl":{"start":{"line":17,"column":34},"end":{"line":17,"column":42}},"loc":{"start":{"line":17,"column":48},"end":{"line":17,"column":73}},"line":17},"3":{"name":"(anonymous_3)","decl":{"start":{"line":45,"column":15},"end":{"line":45,"column":20}},"loc":{"start":{"line":45,"column":29},"end":{"line":72,"column":9}},"line":45},"4":{"name":"(anonymous_4)","decl":{"start":{"line":50,"column":14},"end":{"line":50,"column":29}},"loc":{"start":{"line":50,"column":29},"end":{"line":50,"column":null}},"line":50},"5":{"name":"(anonymous_5)","decl":{"start":{"line":79,"column":28},"end":{"line":79,"column":33}},"loc":{"start":{"line":80,"column":14},"end":{"line":85,"column":null}},"line":80}},"branchMap":{"0":{"loc":{"start":{"line":16,"column":21},"end":{"line":16,"column":null}},"type":"binary-expr","locations":[{"start":{"line":16,"column":21},"end":{"line":16,"column":65}},{"start":{"line":16,"column":65},"end":{"line":16,"column":null}}],"line":16},"1":{"loc":{"start":{"line":52,"column":16},"end":{"line":54,"column":null}},"type":"cond-expr","locations":[{"start":{"line":53,"column":20},"end":{"line":53,"column":null}},{"start":{"line":54,"column":20},"end":{"line":54,"column":null}}],"line":52},"2":{"loc":{"start":{"line":62,"column":16},"end":{"line":66,"column":null}},"type":"cond-expr","locations":[{"start":{"line":63,"column":20},"end":{"line":63,"column":null}},{"start":{"line":64,"column":20},"end":{"line":66,"column":null}}],"line":62},"3":{"loc":{"start":{"line":64,"column":20},"end":{"line":66,"column":null}},"type":"cond-expr","locations":[{"start":{"line":65,"column":20},"end":{"line":65,"column":null}},{"start":{"line":66,"column":20},"end":{"line":66,"column":null}}],"line":64},"4":{"loc":{"start":{"line":68,"column":17},"end":{"line":68,"column":null}},"type":"cond-expr","locations":[{"start":{"line":68,"column":44},"end":{"line":68,"column":60}},{"start":{"line":68,"column":60},"end":{"line":68,"column":null}}],"line":68},"5":{"loc":{"start":{"line":68,"column":60},"end":{"line":68,"column":null}},"type":"cond-expr","locations":[{"start":{"line":68,"column":86},"end":{"line":68,"column":102}},{"start":{"line":68,"column":102},"end":{"line":68,"column":null}}],"line":68},"6":{"loc":{"start":{"line":77,"column":9},"end":{"line":93,"column":null}},"type":"cond-expr","locations":[{"start":{"line":78,"column":10},"end":{"line":89,"column":11}},{"start":{"line":89,"column":10},"end":{"line":93,"column":null}}],"line":77}},"s":{"0":1,"1":2,"2":2,"3":2,"4":2,"5":4,"6":2,"7":4,"8":4,"9":0,"10":2},"f":{"0":2,"1":2,"2":4,"3":4,"4":0,"5":2},"b":{"0":[2,0],"1":[2,2],"2":[2,2],"3":[0,2],"4":[2,2],"5":[0,2],"6":[2,0]},"meta":{"lastBranch":7,"lastFunction":6,"lastStatement":11,"seen":{"s:13:13:98:Infinity":0,"f:13:13:13:66":0,"s:14:59:14:77":1,"s:16:21:16:Infinity":2,"b:16:21:16:65:16:65:16:Infinity":0,"f:16:27:16:33":1,"s:16:39:16:60":3,"s:17:25:17:Infinity":4,"f:17:34:17:42":2,"s:17:48:17:73":5,"s:19:2:96:Infinity":6,"f:45:15:45:20":3,"s:46:27:46:Infinity":7,"s:47:10:70:Infinity":8,"f:50:14:50:29":4,"s:50:29:50:Infinity":9,"b:53:20:53:Infinity:54:20:54:Infinity":1,"b:63:20:63:Infinity:64:20:66:Infinity":2,"b:65:20:65:Infinity:66:20:66:Infinity":3,"b:68:44:68:60:68:60:68:Infinity":4,"b:68:86:68:102:68:102:68:Infinity":5,"b:78:10:89:11:89:10:93:Infinity":6,"f:79:28:79:33":5,"s:80:14:85:Infinity":10},"fnNames":{}}}
,"C:\\Users\\D\\workplace\\Graduation Project\\src\\frontend\\src\\components\\Header.tsx": {"path":"C:\\Users\\D\\workplace\\Graduation Project\\src\\frontend\\src\\components\\Header.tsx","statementMap":{"0":{"start":{"line":14,"column":13},"end":{"line":192,"column":null}},"1":{"start":{"line":20,"column":38},"end":{"line":20,"column":null}},"2":{"start":{"line":21,"column":40},"end":{"line":21,"column":53}},"3":{"start":{"line":22,"column":59},"end":{"line":22,"column":72}},"4":{"start":{"line":23,"column":25},"end":{"line":23,"column":null}},"5":{"start":{"line":25,"column":21},"end":{"line":32,"column":null}},"6":{"start":{"line":34,"column":8},"end":{"line":39,"column":null}},"7":{"start":{"line":35,"column":4},"end":{"line":35,"column":null}},"8":{"start":{"line":36,"column":4},"end":{"line":38,"column":null}},"9":{"start":{"line":37,"column":6},"end":{"line":37,"column":null}},"10":{"start":{"line":41,"column":25},"end":{"line":41,"column":null}},"11":{"start":{"line":42,"column":22},"end":{"line":42,"column":null}},"12":{"start":{"line":44,"column":8},"end":{"line":52,"column":null}},"13":{"start":{"line":45,"column":4},"end":{"line":51,"column":null}},"14":{"start":{"line":46,"column":6},"end":{"line":48,"column":null}},"15":{"start":{"line":47,"column":8},"end":{"line":47,"column":null}},"16":{"start":{"line":50,"column":6},"end":{"line":50,"column":null}},"17":{"start":{"line":54,"column":8},"end":{"line":60,"column":null}},"18":{"start":{"line":55,"column":4},"end":{"line":55,"column":null}},"19":{"start":{"line":56,"column":4},"end":{"line":56,"column":null}},"20":{"start":{"line":57,"column":4},"end":{"line":59,"column":null}},"21":{"start":{"line":58,"column":6},"end":{"line":58,"column":null}},"22":{"start":{"line":62,"column":2},"end":{"line":190,"column":null}},"23":{"start":{"line":98,"column":29},"end":{"line":98,"column":null}},"24":{"start":{"line":138,"column":29},"end":{"line":138,"column":null}},"25":{"start":{"line":176,"column":12},"end":{"line":186,"column":null}},"26":{"start":{"line":178,"column":29},"end":{"line":178,"column":null}}},"fnMap":{"0":{"name":"(anonymous_0)","decl":{"start":{"line":14,"column":13},"end":{"line":14,"column":46}},"loc":{"start":{"line":19,"column":6},"end":{"line":192,"column":null}},"line":19},"1":{"name":"(anonymous_1)","decl":{"start":{"line":34,"column":8},"end":{"line":34,"column":30}},"loc":{"start":{"line":34,"column":53},"end":{"line":39,"column":null}},"line":34},"2":{"name":"(anonymous_2)","decl":{"start":{"line":44,"column":8},"end":{"line":44,"column":35}},"loc":{"start":{"line":44,"column":35},"end":{"line":52,"column":null}},"line":44},"3":{"name":"(anonymous_3)","decl":{"start":{"line":54,"column":8},"end":{"line":54,"column":29}},"loc":{"start":{"line":54,"column":53},"end":{"line":60,"column":null}},"line":54},"4":{"name":"(anonymous_4)","decl":{"start":{"line":98,"column":12},"end":{"line":98,"column":23}},"loc":{"start":{"line":98,"column":29},"end":{"line":98,"column":null}},"line":98},"5":{"name":"(anonymous_5)","decl":{"start":{"line":138,"column":14},"end":{"line":138,"column":29}},"loc":{"start":{"line":138,"column":29},"end":{"line":138,"column":null}},"line":138},"6":{"name":"(anonymous_6)","decl":{"start":{"line":175,"column":22},"end":{"line":175,"column":27}},"loc":{"start":{"line":176,"column":12},"end":{"line":186,"column":null}},"line":176},"7":{"name":"(anonymous_7)","decl":{"start":{"line":178,"column":14},"end":{"line":178,"column":29}},"loc":{"start":{"line":178,"column":29},"end":{"line":178,"column":null}},"line":178}},"branchMap":{"0":{"loc":{"start":{"line":36,"column":4},"end":{"line":38,"column":null}},"type":"if","locations":[{"start":{"line":36,"column":4},"end":{"line":38,"column":null}},{"start":{},"end":{}}],"line":36},"1":{"loc":{"start":{"line":41,"column":25},"end":{"line":41,"column":null}},"type":"binary-expr","locations":[{"start":{"line":41,"column":25},"end":{"line":41,"column":44}},{"start":{"line":41,"column":44},"end":{"line":41,"column":null}}],"line":41},"2":{"loc":{"start":{"line":42,"column":22},"end":{"line":42,"column":null}},"type":"binary-expr","locations":[{"start":{"line":42,"column":22},"end":{"line":42,"column":40}},{"start":{"line":42,"column":40},"end":{"line":42,"column":70}},{"start":{"line":42,"column":70},"end":{"line":42,"column":114}},{"start":{"line":42,"column":114},"end":{"line":42,"column":null}}],"line":42},"3":{"loc":{"start":{"line":45,"column":4},"end":{"line":51,"column":null}},"type":"if","locations":[{"start":{"line":45,"column":4},"end":{"line":51,"column":null}},{"start":{"line":49,"column":11},"end":{"line":51,"column":null}}],"line":45},"4":{"loc":{"start":{"line":46,"column":6},"end":{"line":48,"column":null}},"type":"if","locations":[{"start":{"line":46,"column":6},"end":{"line":48,"column":null}},{"start":{},"end":{}}],"line":46},"5":{"loc":{"start":{"line":57,"column":4},"end":{"line":59,"column":null}},"type":"if","locations":[{"start":{"line":57,"column":4},"end":{"line":59,"column":null}},{"start":{},"end":{}}],"line":57},"6":{"loc":{"start":{"line":112,"column":11},"end":{"line":150,"column":11}},"type":"cond-expr","locations":[{"start":{"line":113,"column":12},"end":{"line":137,"column":13}},{"start":{"line":137,"column":12},"end":{"line":150,"column":11}}],"line":112},"7":{"loc":{"start":{"line":157,"column":15},"end":{"line":162,"column":null}},"type":"binary-expr","locations":[{"start":{"line":157,"column":15},"end":{"line":157,"column":null}},{"start":{"line":158,"column":16},"end":{"line":162,"column":null}}],"line":157},"8":{"loc":{"start":{"line":159,"column":19},"end":{"line":159,"column":null}},"type":"cond-expr","locations":[{"start":{"line":159,"column":41},"end":{"line":159,"column":49}},{"start":{"line":159,"column":49},"end":{"line":159,"column":null}}],"line":159},"9":{"loc":{"start":{"line":180,"column":16},"end":{"line":182,"column":null}},"type":"cond-expr","locations":[{"start":{"line":181,"column":20},"end":{"line":181,"column":null}},{"start":{"line":182,"column":20},"end":{"line":182,"column":null}}],"line":180}},"s":{"0":1,"1":5,"2":5,"3":5,"4":5,"5":5,"6":5,"7":0,"8":0,"9":0,"10":5,"11":5,"12":5,"13":1,"14":1,"15":1,"16":0,"17":5,"18":0,"19":0,"20":0,"21":0,"22":5,"23":0,"24":1,"25":30,"26":0},"f":{"0":5,"1":0,"2":1,"3":0,"4":0,"5":1,"6":30,"7":0},"b":{"0":[0,0],"1":[5,2],"2":[5,2,2,2],"3":[1,0],"4":[1,0],"5":[0,0],"6":[3,2],"7":[5,5],"8":[0,5],"9":[5,25]},"meta":{"lastBranch":10,"lastFunction":8,"lastStatement":27,"seen":{"s:14:13:192:Infinity":0,"f:14:13:14:46":0,"s:20:38:20:Infinity":1,"s:21:40:21:53":2,"s:22:59:22:72":3,"s:23:25:23:Infinity":4,"s:25:21:32:Infinity":5,"s:34:8:39:Infinity":6,"f:34:8:34:30":1,"s:35:4:35:Infinity":7,"b:36:4:38:Infinity:undefined:undefined:undefined:undefined":0,"s:36:4:38:Infinity":8,"s:37:6:37:Infinity":9,"s:41:25:41:Infinity":10,"b:41:25:41:44:41:44:41:Infinity":1,"s:42:22:42:Infinity":11,"b:42:22:42:40:42:40:42:70:42:70:42:114:42:114:42:Infinity":2,"s:44:8:52:Infinity":12,"f:44:8:44:35":2,"b:45:4:51:Infinity:49:11:51:Infinity":3,"s:45:4:51:Infinity":13,"b:46:6:48:Infinity:undefined:undefined:undefined:undefined":4,"s:46:6:48:Infinity":14,"s:47:8:47:Infinity":15,"s:50:6:50:Infinity":16,"s:54:8:60:Infinity":17,"f:54:8:54:29":3,"s:55:4:55:Infinity":18,"s:56:4:56:Infinity":19,"b:57:4:59:Infinity:undefined:undefined:undefined:undefined":5,"s:57:4:59:Infinity":20,"s:58:6:58:Infinity":21,"s:62:2:190:Infinity":22,"f:98:12:98:23":4,"s:98:29:98:Infinity":23,"b:113:12:137:13:137:12:150:11":6,"f:138:14:138:29":5,"s:138:29:138:Infinity":24,"b:157:15:157:Infinity:158:16:162:Infinity":7,"b:159:41:159:49:159:49:159:Infinity":8,"f:175:22:175:27":6,"s:176:12:186:Infinity":25,"f:178:14:178:29":7,"s:178:29:178:Infinity":26,"b:181:20:181:Infinity:182:20:182:Infinity":9},"fnNames":{}}}
,"C:\\Users\\D\\workplace\\Graduation Project\\src\\frontend\\src\\components\\ProductCard.tsx": {"path":"C:\\Users\\D\\workplace\\Graduation Project\\src\\frontend\\src\\components\\ProductCard.tsx","statementMap":{"0":{"start":{"line":13,"column":13},"end":{"line":130,"column":null}},"1":{"start":{"line":14,"column":22},"end":{"line":14,"column":35}},"2":{"start":{"line":16,"column":22},"end":{"line":16,"column":null}},"3":{"start":{"line":17,"column":27},"end":{"line":17,"column":null}},"4":{"start":{"line":19,"column":23},"end":{"line":21,"column":null}},"5":{"start":{"line":23,"column":8},"end":{"line":25,"column":null}},"6":{"start":{"line":24,"column":4},"end":{"line":24,"column":null}},"7":{"start":{"line":27,"column":2},"end":{"line":128,"column":null}},"8":{"start":{"line":30,"column":104},"end":{"line":30,"column":null}},"9":{"start":{"line":67,"column":27},"end":{"line":67,"column":null}},"10":{"start":{"line":110,"column":29},"end":{"line":110,"column":null}},"11":{"start":{"line":119,"column":29},"end":{"line":119,"column":null}}},"fnMap":{"0":{"name":"(anonymous_0)","decl":{"start":{"line":13,"column":13},"end":{"line":13,"column":56}},"loc":{"start":{"line":13,"column":95},"end":{"line":130,"column":null}},"line":13},"1":{"name":"(anonymous_1)","decl":{"start":{"line":23,"column":8},"end":{"line":23,"column":21}},"loc":{"start":{"line":23,"column":40},"end":{"line":25,"column":null}},"line":23},"2":{"name":"(anonymous_2)","decl":{"start":{"line":30,"column":89},"end":{"line":30,"column":104}},"loc":{"start":{"line":30,"column":104},"end":{"line":30,"column":null}},"line":30},"3":{"name":"(anonymous_3)","decl":{"start":{"line":67,"column":12},"end":{"line":67,"column":27}},"loc":{"start":{"line":67,"column":27},"end":{"line":67,"column":null}},"line":67},"4":{"name":"(anonymous_4)","decl":{"start":{"line":110,"column":14},"end":{"line":110,"column":29}},"loc":{"start":{"line":110,"column":29},"end":{"line":110,"column":null}},"line":110},"5":{"name":"(anonymous_5)","decl":{"start":{"line":119,"column":14},"end":{"line":119,"column":29}},"loc":{"start":{"line":119,"column":29},"end":{"line":119,"column":null}},"line":119}},"branchMap":{"0":{"loc":{"start":{"line":16,"column":22},"end":{"line":16,"column":null}},"type":"binary-expr","locations":[{"start":{"line":16,"column":22},"end":{"line":16,"column":50}},{"start":{"line":16,"column":50},"end":{"line":16,"column":null}}],"line":16},"1":{"loc":{"start":{"line":17,"column":27},"end":{"line":17,"column":null}},"type":"cond-expr","locations":[{"start":{"line":17,"column":42},"end":{"line":17,"column":73}},{"start":{"line":17,"column":73},"end":{"line":17,"column":null}}],"line":17},"2":{"loc":{"start":{"line":19,"column":23},"end":{"line":21,"column":null}},"type":"cond-expr","locations":[{"start":{"line":20,"column":6},"end":{"line":20,"column":null}},{"start":{"line":21,"column":6},"end":{"line":21,"column":null}}],"line":19},"3":{"loc":{"start":{"line":30,"column":104},"end":{"line":30,"column":null}},"type":"binary-expr","locations":[{"start":{"line":30,"column":104},"end":{"line":30,"column":119}},{"start":{"line":30,"column":119},"end":{"line":30,"column":null}}],"line":30},"4":{"loc":{"start":{"line":39,"column":9},"end":{"line":42,"column":null}},"type":"binary-expr","locations":[{"start":{"line":39,"column":9},"end":{"line":39,"column":null}},{"start":{"line":40,"column":10},"end":{"line":42,"column":null}}],"line":39},"5":{"loc":{"start":{"line":46,"column":9},"end":{"line":49,"column":null}},"type":"binary-expr","locations":[{"start":{"line":46,"column":9},"end":{"line":46,"column":null}},{"start":{"line":47,"column":10},"end":{"line":49,"column":null}}],"line":46},"6":{"loc":{"start":{"line":67,"column":27},"end":{"line":67,"column":null}},"type":"binary-expr","locations":[{"start":{"line":67,"column":27},"end":{"line":67,"column":42}},{"start":{"line":67,"column":42},"end":{"line":67,"column":null}}],"line":67},"7":{"loc":{"start":{"line":79,"column":27},"end":{"line":79,"column":92}},"type":"cond-expr","locations":[{"start":{"line":79,"column":51},"end":{"line":79,"column":71}},{"start":{"line":79,"column":71},"end":{"line":79,"column":92}}],"line":79},"8":{"loc":{"start":{"line":81,"column":15},"end":{"line":86,"column":null}},"type":"binary-expr","locations":[{"start":{"line":81,"column":15},"end":{"line":81,"column":null}},{"start":{"line":82,"column":16},"end":{"line":86,"column":null}}],"line":81},"9":{"loc":{"start":{"line":90,"column":11},"end":{"line":104,"column":null}},"type":"cond-expr","locations":[{"start":{"line":91,"column":12},"end":{"line":98,"column":13}},{"start":{"line":98,"column":12},"end":{"line":104,"column":null}}],"line":90},"10":{"loc":{"start":{"line":90,"column":11},"end":{"line":90,"column":null}},"type":"binary-expr","locations":[{"start":{"line":90,"column":11},"end":{"line":90,"column":26}},{"start":{"line":90,"column":26},"end":{"line":90,"column":null}}],"line":90},"11":{"loc":{"start":{"line":99,"column":15},"end":{"line":102,"column":null}},"type":"cond-expr","locations":[{"start":{"line":100,"column":16},"end":{"line":102,"column":17}},{"start":{"line":102,"column":16},"end":{"line":102,"column":null}}],"line":99},"12":{"loc":{"start":{"line":119,"column":29},"end":{"line":119,"column":null}},"type":"cond-expr","locations":[{"start":{"line":119,"column":40},"end":{"line":119,"column":60}},{"start":{"line":119,"column":60},"end":{"line":119,"column":null}}],"line":119},"13":{"loc":{"start":{"line":123,"column":21},"end":{"line":123,"column":66}},"type":"cond-expr","locations":[{"start":{"line":123,"column":36},"end":{"line":123,"column":49}},{"start":{"line":123,"column":49},"end":{"line":123,"column":66}}],"line":123}},"s":{"0":1,"1":2,"2":2,"3":2,"4":2,"5":2,"6":4,"7":2,"8":0,"9":0,"10":0,"11":0},"f":{"0":2,"1":4,"2":0,"3":0,"4":0,"5":0},"b":{"0":[2,2],"1":[0,2],"2":[0,2],"3":[0,0],"4":[2,2],"5":[2,0],"6":[0,0],"7":[2,0],"8":[2,2],"9":[0,2],"10":[2,0],"11":[1,1],"12":[0,0],"13":[1,1]},"meta":{"lastBranch":14,"lastFunction":6,"lastStatement":12,"seen":{"s:13:13:130:Infinity":0,"f:13:13:13:56":0,"s:14:22:14:35":1,"s:16:22:16:Infinity":2,"b:16:22:16:50:16:50:16:Infinity":0,"s:17:27:17:Infinity":3,"b:17:42:17:73:17:73:17:Infinity":1,"s:19:23:21:Infinity":4,"b:20:6:20:Infinity:21:6:21:Infinity":2,"s:23:8:25:Infinity":5,"f:23:8:23:21":1,"s:24:4:24:Infinity":6,"s:27:2:128:Infinity":7,"f:30:89:30:104":2,"s:30:104:30:Infinity":8,"b:30:104:30:119:30:119:30:Infinity":3,"b:39:9:39:Infinity:40:10:42:Infinity":4,"b:46:9:46:Infinity:47:10:49:Infinity":5,"f:67:12:67:27":3,"s:67:27:67:Infinity":9,"b:67:27:67:42:67:42:67:Infinity":6,"b:79:51:79:71:79:71:79:92":7,"b:81:15:81:Infinity:82:16:86:Infinity":8,"b:91:12:98:13:98:12:104:Infinity":9,"b:90:11:90:26:90:26:90:Infinity":10,"b:100:16:102:17:102:16:102:Infinity":11,"f:110:14:110:29":4,"s:110:29:110:Infinity":10,"f:119:14:119:29":5,"s:119:29:119:Infinity":11,"b:119:40:119:60:119:60:119:Infinity":12,"b:123:36:123:49:123:49:123:66":13},"fnNames":{}}}
,"C:\\Users\\D\\workplace\\Graduation Project\\src\\frontend\\src\\components\\StockProgressBar.tsx": {"path":"C:\\Users\\D\\workplace\\Graduation Project\\src\\frontend\\src\\components\\StockProgressBar.tsx","statementMap":{"0":{"start":{"line":9,"column":13},"end":{"line":44,"column":null}},"1":{"start":{"line":10,"column":18},"end":{"line":10,"column":null}},"2":{"start":{"line":11,"column":20},"end":{"line":11,"column":null}},"3":{"start":{"line":13,"column":17},"end":{"line":13,"column":null}},"4":{"start":{"line":14,"column":18},"end":{"line":14,"column":null}},"5":{"start":{"line":16,"column":2},"end":{"line":25,"column":null}},"6":{"start":{"line":17,"column":4},"end":{"line":17,"column":null}},"7":{"start":{"line":18,"column":4},"end":{"line":18,"column":null}},"8":{"start":{"line":19,"column":9},"end":{"line":25,"column":null}},"9":{"start":{"line":20,"column":4},"end":{"line":20,"column":null}},"10":{"start":{"line":21,"column":4},"end":{"line":21,"column":null}},"11":{"start":{"line":22,"column":9},"end":{"line":25,"column":null}},"12":{"start":{"line":23,"column":4},"end":{"line":23,"column":null}},"13":{"start":{"line":24,"column":4},"end":{"line":24,"column":null}},"14":{"start":{"line":27,"column":2},"end":{"line":42,"column":null}}},"fnMap":{"0":{"name":"(anonymous_0)","decl":{"start":{"line":9,"column":13},"end":{"line":9,"column":66}},"loc":{"start":{"line":9,"column":96},"end":{"line":44,"column":null}},"line":9}},"branchMap":{"0":{"loc":{"start":{"line":16,"column":2},"end":{"line":25,"column":null}},"type":"if","locations":[{"start":{"line":16,"column":2},"end":{"line":25,"column":null}},{"start":{"line":19,"column":9},"end":{"line":25,"column":null}}],"line":16},"1":{"loc":{"start":{"line":19,"column":9},"end":{"line":25,"column":null}},"type":"if","locations":[{"start":{"line":19,"column":9},"end":{"line":25,"column":null}},{"start":{"line":22,"column":9},"end":{"line":25,"column":null}}],"line":19},"2":{"loc":{"start":{"line":22,"column":9},"end":{"line":25,"column":null}},"type":"if","locations":[{"start":{"line":22,"column":9},"end":{"line":25,"column":null}},{"start":{},"end":{}}],"line":22},"3":{"loc":{"start":{"line":38,"column":11},"end":{"line":39,"column":11}},"type":"binary-expr","locations":[{"start":{"line":38,"column":11},"end":{"line":38,"column":28}},{"start":{"line":38,"column":28},"end":{"line":38,"column":45}},{"start":{"line":38,"column":45},"end":{"line":39,"column":11}}],"line":38}},"s":{"0":2,"1":3,"2":3,"3":3,"4":3,"5":3,"6":1,"7":1,"8":2,"9":1,"10":1,"11":1,"12":1,"13":1,"14":3},"f":{"0":3},"b":{"0":[1,2],"1":[1,1],"2":[1,0],"3":[3,2,1]},"meta":{"lastBranch":4,"lastFunction":1,"lastStatement":15,"seen":{"s:9:13:44:Infinity":0,"f:9:13:9:66":0,"s:10:18:10:Infinity":1,"s:11:20:11:Infinity":2,"s:13:17:13:Infinity":3,"s:14:18:14:Infinity":4,"b:16:2:25:Infinity:19:9:25:Infinity":0,"s:16:2:25:Infinity":5,"s:17:4:17:Infinity":6,"s:18:4:18:Infinity":7,"b:19:9:25:Infinity:22:9:25:Infinity":1,"s:19:9:25:Infinity":8,"s:20:4:20:Infinity":9,"s:21:4:21:Infinity":10,"b:22:9:25:Infinity:undefined:undefined:undefined:undefined":2,"s:22:9:25:Infinity":11,"s:23:4:23:Infinity":12,"s:24:4:24:Infinity":13,"s:27:2:42:Infinity":14,"b:38:11:38:28:38:28:38:45:38:45:39:11":3},"fnNames":{}}}
,"C:\\Users\\D\\workplace\\Graduation Project\\src\\frontend\\src\\components\\UserProfileDrawer.tsx": {"path":"C:\\Users\\D\\workplace\\Graduation Project\\src\\frontend\\src\\components\\UserProfileDrawer.tsx","statementMap":{"0":{"start":{"line":10,"column":13},"end":{"line":115,"column":null}},"1":{"start":{"line":11,"column":27},"end":{"line":11,"column":40}},"2":{"start":{"line":13,"column":2},"end":{"line":13,"column":null}},"3":{"start":{"line":13,"column":24},"end":{"line":13,"column":null}},"4":{"start":{"line":15,"column":18},"end":{"line":15,"column":null}},"5":{"start":{"line":17,"column":8},"end":{"line":20,"column":null}},"6":{"start":{"line":18,"column":4},"end":{"line":18,"column":null}},"7":{"start":{"line":19,"column":4},"end":{"line":19,"column":null}},"8":{"start":{"line":22,"column":2},"end":{"line":113,"column":null}}},"fnMap":{"0":{"name":"(anonymous_0)","decl":{"start":{"line":10,"column":13},"end":{"line":10,"column":68}},"loc":{"start":{"line":10,"column":92},"end":{"line":115,"column":null}},"line":10},"1":{"name":"(anonymous_1)","decl":{"start":{"line":17,"column":8},"end":{"line":17,"column":34}},"loc":{"start":{"line":17,"column":34},"end":{"line":20,"column":null}},"line":17}},"branchMap":{"0":{"loc":{"start":{"line":13,"column":2},"end":{"line":13,"column":null}},"type":"if","locations":[{"start":{"line":13,"column":2},"end":{"line":13,"column":null}},{"start":{},"end":{}}],"line":13},"1":{"loc":{"start":{"line":13,"column":6},"end":{"line":13,"column":24}},"type":"binary-expr","locations":[{"start":{"line":13,"column":6},"end":{"line":13,"column":17}},{"start":{"line":13,"column":17},"end":{"line":13,"column":24}}],"line":13},"2":{"loc":{"start":{"line":52,"column":17},"end":{"line":52,"column":null}},"type":"cond-expr","locations":[{"start":{"line":52,"column":33},"end":{"line":52,"column":73}},{"start":{"line":52,"column":73},"end":{"line":52,"column":null}}],"line":52},"3":{"loc":{"start":{"line":58,"column":17},"end":{"line":67,"column":null}},"type":"cond-expr","locations":[{"start":{"line":59,"column":18},"end":{"line":64,"column":19}},{"start":{"line":64,"column":18},"end":{"line":67,"column":null}}],"line":58},"4":{"loc":{"start":{"line":86,"column":25},"end":{"line":86,"column":61}},"type":"binary-expr","locations":[{"start":{"line":86,"column":25},"end":{"line":86,"column":39}},{"start":{"line":86,"column":39},"end":{"line":86,"column":61}}],"line":86},"5":{"loc":{"start":{"line":94,"column":53},"end":{"line":94,"column":109}},"type":"binary-expr","locations":[{"start":{"line":94,"column":53},"end":{"line":94,"column":69}},{"start":{"line":94,"column":69},"end":{"line":94,"column":109}}],"line":94}},"s":{"0":1,"1":4,"2":4,"3":2,"4":2,"5":2,"6":1,"7":1,"8":2},"f":{"0":4,"1":1},"b":{"0":[2,2],"1":[4,3],"2":[2,0],"3":[0,2],"4":[4,0],"5":[4,0]},"meta":{"lastBranch":6,"lastFunction":2,"lastStatement":9,"seen":{"s:10:13:115:Infinity":0,"f:10:13:10:68":0,"s:11:27:11:40":1,"b:13:2:13:Infinity:undefined:undefined:undefined:undefined":0,"s:13:2:13:Infinity":2,"b:13:6:13:17:13:17:13:24":1,"s:13:24:13:Infinity":3,"s:15:18:15:Infinity":4,"s:17:8:20:Infinity":5,"f:17:8:17:34":1,"s:18:4:18:Infinity":6,"s:19:4:19:Infinity":7,"s:22:2:113:Infinity":8,"b:52:33:52:73:52:73:52:Infinity":2,"b:59:18:64:19:64:18:67:Infinity":3,"b:86:25:86:39:86:39:86:61":4,"b:94:53:94:69:94:69:94:109":5},"fnNames":{}}}
,"C:\\Users\\D\\workplace\\Graduation Project\\src\\frontend\\src\\store\\useAuthStore.ts": {"path":"C:\\Users\\D\\workplace\\Graduation Project\\src\\frontend\\src\\store\\useAuthStore.ts","statementMap":{"0":{"start":{"line":39,"column":35},"end":{"line":47,"column":null}},"1":{"start":{"line":49,"column":32},"end":{"line":57,"column":null}},"2":{"start":{"line":59,"column":21},"end":{"line":62,"column":null}},"3":{"start":{"line":64,"column":28},"end":{"line":253,"column":null}},"4":{"start":{"line":64,"column":56},"end":{"line":253,"column":2}},"5":{"start":{"line":74,"column":4},"end":{"line":78,"column":null}},"6":{"start":{"line":81,"column":4},"end":{"line":84,"column":null}},"7":{"start":{"line":86,"column":20},"end":{"line":86,"column":null}},"8":{"start":{"line":89,"column":4},"end":{"line":89,"column":null}},"9":{"start":{"line":92,"column":4},"end":{"line":92,"column":null}},"10":{"start":{"line":92,"column":35},"end":{"line":92,"column":59}},"11":{"start":{"line":94,"column":4},"end":{"line":97,"column":null}},"12":{"start":{"line":95,"column":6},"end":{"line":95,"column":null}},"13":{"start":{"line":96,"column":6},"end":{"line":96,"column":null}},"14":{"start":{"line":99,"column":4},"end":{"line":102,"column":null}},"15":{"start":{"line":100,"column":6},"end":{"line":100,"column":null}},"16":{"start":{"line":101,"column":6},"end":{"line":101,"column":null}},"17":{"start":{"line":105,"column":26},"end":{"line":105,"column":null}},"18":{"start":{"line":109,"column":4},"end":{"line":127,"column":null}},"19":{"start":{"line":110,"column":6},"end":{"line":110,"column":null}},"20":{"start":{"line":111,"column":6},"end":{"line":111,"column":null}},"21":{"start":{"line":113,"column":6},"end":{"line":125,"column":null}},"22":{"start":{"line":126,"column":6},"end":{"line":126,"column":null}},"23":{"start":{"line":130,"column":4},"end":{"line":135,"column":null}},"24":{"start":{"line":131,"column":6},"end":{"line":131,"column":null}},"25":{"start":{"line":132,"column":6},"end":{"line":132,"column":null}},"26":{"start":{"line":137,"column":4},"end":{"line":144,"column":null}},"27":{"start":{"line":146,"column":4},"end":{"line":146,"column":null}},"28":{"start":{"line":150,"column":4},"end":{"line":150,"column":null}},"29":{"start":{"line":152,"column":4},"end":{"line":152,"column":null}},"30":{"start":{"line":152,"column":35},"end":{"line":152,"column":59}},"31":{"start":{"line":154,"column":4},"end":{"line":157,"column":null}},"32":{"start":{"line":155,"column":6},"end":{"line":155,"column":null}},"33":{"start":{"line":156,"column":6},"end":{"line":156,"column":null}},"34":{"start":{"line":159,"column":4},"end":{"line":162,"column":null}},"35":{"start":{"line":160,"column":6},"end":{"line":160,"column":null}},"36":{"start":{"line":161,"column":6},"end":{"line":161,"column":null}},"37":{"start":{"line":164,"column":4},"end":{"line":167,"column":null}},"38":{"start":{"line":165,"column":6},"end":{"line":165,"column":null}},"39":{"start":{"line":166,"column":6},"end":{"line":166,"column":null}},"40":{"start":{"line":169,"column":33},"end":{"line":177,"column":null}},"41":{"start":{"line":179,"column":18},"end":{"line":179,"column":null}},"42":{"start":{"line":181,"column":4},"end":{"line":186,"column":null}},"43":{"start":{"line":182,"column":6},"end":{"line":182,"column":null}},"44":{"start":{"line":183,"column":6},"end":{"line":183,"column":null}},"45":{"start":{"line":188,"column":4},"end":{"line":195,"column":null}},"46":{"start":{"line":197,"column":4},"end":{"line":197,"column":null}},"47":{"start":{"line":201,"column":21},"end":{"line":201,"column":null}},"48":{"start":{"line":202,"column":18},"end":{"line":202,"column":null}},"49":{"start":{"line":204,"column":4},"end":{"line":209,"column":null}},"50":{"start":{"line":205,"column":6},"end":{"line":205,"column":null}},"51":{"start":{"line":206,"column":6},"end":{"line":206,"column":null}},"52":{"start":{"line":211,"column":4},"end":{"line":217,"column":null}},"53":{"start":{"line":221,"column":4},"end":{"line":226,"column":null}},"54":{"start":{"line":222,"column":6},"end":{"line":222,"column":null}},"55":{"start":{"line":223,"column":6},"end":{"line":223,"column":null}},"56":{"start":{"line":228,"column":4},"end":{"line":233,"column":null}},"57":{"start":{"line":237,"column":4},"end":{"line":251,"column":null}},"58":{"start":{"line":238,"column":27},"end":{"line":238,"column":null}},"59":{"start":{"line":239,"column":25},"end":{"line":239,"column":null}},"60":{"start":{"line":241,"column":6},"end":{"line":248,"column":null}},"61":{"start":{"line":242,"column":39},"end":{"line":242,"column":null}},"62":{"start":{"line":243,"column":8},"end":{"line":247,"column":null}}},"fnMap":{"0":{"name":"(anonymous_0)","decl":{"start":{"line":64,"column":28},"end":{"line":64,"column":47}},"loc":{"start":{"line":64,"column":56},"end":{"line":253,"column":2}},"line":64},"1":{"name":"(anonymous_1)","decl":{"start":{"line":73,"column":2},"end":{"line":73,"column":18}},"loc":{"start":{"line":74,"column":4},"end":{"line":78,"column":null}},"line":74},"2":{"name":"(anonymous_2)","decl":{"start":{"line":80,"column":2},"end":{"line":80,"column":null}},"loc":{"start":{"line":81,"column":4},"end":{"line":84,"column":null}},"line":81},"3":{"name":"(anonymous_3)","decl":{"start":{"line":86,"column":2},"end":{"line":86,"column":20}},"loc":{"start":{"line":86,"column":20},"end":{"line":86,"column":null}},"line":86},"4":{"name":"(anonymous_4)","decl":{"start":{"line":88,"column":9},"end":{"line":88,"column":16}},"loc":{"start":{"line":88,"column":68},"end":{"line":147,"column":null}},"line":88},"5":{"name":"(anonymous_5)","decl":{"start":{"line":92,"column":14},"end":{"line":92,"column":23}},"loc":{"start":{"line":92,"column":35},"end":{"line":92,"column":59}},"line":92},"6":{"name":"(anonymous_6)","decl":{"start":{"line":149,"column":12},"end":{"line":149,"column":19}},"loc":{"start":{"line":149,"column":60},"end":{"line":198,"column":null}},"line":149},"7":{"name":"(anonymous_7)","decl":{"start":{"line":152,"column":14},"end":{"line":152,"column":23}},"loc":{"start":{"line":152,"column":35},"end":{"line":152,"column":59}},"line":152},"8":{"name":"(anonymous_8)","decl":{"start":{"line":200,"column":2},"end":{"line":200,"column":16}},"loc":{"start":{"line":200,"column":47},"end":{"line":218,"column":null}},"line":200},"9":{"name":"(anonymous_9)","decl":{"start":{"line":220,"column":2},"end":{"line":220,"column":16}},"loc":{"start":{"line":220,"column":16},"end":{"line":234,"column":null}},"line":220},"10":{"name":"(anonymous_10)","decl":{"start":{"line":236,"column":2},"end":{"line":236,"column":24}},"loc":{"start":{"line":236,"column":24},"end":{"line":252,"column":null}},"line":236}},"branchMap":{"0":{"loc":{"start":{"line":73,"column":18},"end":{"line":73,"column":null}},"type":"default-arg","locations":[{"start":{"line":73,"column":24},"end":{"line":73,"column":null}}],"line":73},"1":{"loc":{"start":{"line":94,"column":4},"end":{"line":97,"column":null}},"type":"if","locations":[{"start":{"line":94,"column":4},"end":{"line":97,"column":null}},{"start":{},"end":{}}],"line":94},"2":{"loc":{"start":{"line":94,"column":8},"end":{"line":94,"column":69}},"type":"binary-expr","locations":[{"start":{"line":94,"column":8},"end":{"line":94,"column":33}},{"start":{"line":94,"column":33},"end":{"line":94,"column":69}}],"line":94},"3":{"loc":{"start":{"line":99,"column":4},"end":{"line":102,"column":null}},"type":"if","locations":[{"start":{"line":99,"column":4},"end":{"line":102,"column":null}},{"start":{},"end":{}}],"line":99},"4":{"loc":{"start":{"line":99,"column":8},"end":{"line":99,"column":79}},"type":"binary-expr","locations":[{"start":{"line":99,"column":8},"end":{"line":99,"column":46}},{"start":{"line":99,"column":46},"end":{"line":99,"column":79}}],"line":99},"5":{"loc":{"start":{"line":109,"column":4},"end":{"line":127,"column":null}},"type":"if","locations":[{"start":{"line":109,"column":4},"end":{"line":127,"column":null}},{"start":{"line":112,"column":11},"end":{"line":127,"column":null}}],"line":109},"6":{"loc":{"start":{"line":109,"column":8},"end":{"line":109,"column":71}},"type":"binary-expr","locations":[{"start":{"line":109,"column":8},"end":{"line":109,"column":37}},{"start":{"line":109,"column":37},"end":{"line":109,"column":71}}],"line":109},"7":{"loc":{"start":{"line":116,"column":18},"end":{"line":118,"column":null}},"type":"cond-expr","locations":[{"start":{"line":117,"column":12},"end":{"line":117,"column":null}},{"start":{"line":118,"column":12},"end":{"line":118,"column":null}}],"line":116},"8":{"loc":{"start":{"line":119,"column":15},"end":{"line":121,"column":null}},"type":"cond-expr","locations":[{"start":{"line":120,"column":12},"end":{"line":120,"column":null}},{"start":{"line":121,"column":12},"end":{"line":121,"column":null}}],"line":119},"9":{"loc":{"start":{"line":154,"column":4},"end":{"line":157,"column":null}},"type":"if","locations":[{"start":{"line":154,"column":4},"end":{"line":157,"column":null}},{"start":{},"end":{}}],"line":154},"10":{"loc":{"start":{"line":154,"column":8},"end":{"line":154,"column":55}},"type":"binary-expr","locations":[{"start":{"line":154,"column":8},"end":{"line":154,"column":26}},{"start":{"line":154,"column":26},"end":{"line":154,"column":55}}],"line":154},"11":{"loc":{"start":{"line":159,"column":4},"end":{"line":162,"column":null}},"type":"if","locations":[{"start":{"line":159,"column":4},"end":{"line":162,"column":null}},{"start":{},"end":{}}],"line":159},"12":{"loc":{"start":{"line":159,"column":8},"end":{"line":159,"column":50}},"type":"binary-expr","locations":[{"start":{"line":159,"column":8},"end":{"line":159,"column":23}},{"start":{"line":159,"column":23},"end":{"line":159,"column":50}}],"line":159},"13":{"loc":{"start":{"line":164,"column":4},"end":{"line":167,"column":null}},"type":"if","locations":[{"start":{"line":164,"column":4},"end":{"line":167,"column":null}},{"start":{},"end":{}}],"line":164},"14":{"loc":{"start":{"line":164,"column":8},"end":{"line":164,"column":59}},"type":"binary-expr","locations":[{"start":{"line":164,"column":8},"end":{"line":164,"column":26}},{"start":{"line":164,"column":26},"end":{"line":164,"column":59}}],"line":164},"15":{"loc":{"start":{"line":175,"column":13},"end":{"line":175,"column":null}},"type":"binary-expr","locations":[{"start":{"line":175,"column":13},"end":{"line":175,"column":35}},{"start":{"line":175,"column":35},"end":{"line":175,"column":null}}],"line":175},"16":{"loc":{"start":{"line":176,"column":15},"end":{"line":176,"column":null}},"type":"binary-expr","locations":[{"start":{"line":176,"column":15},"end":{"line":176,"column":39}},{"start":{"line":176,"column":39},"end":{"line":176,"column":null}}],"line":176},"17":{"loc":{"start":{"line":201,"column":21},"end":{"line":201,"column":null}},"type":"cond-expr","locations":[{"start":{"line":201,"column":40},"end":{"line":201,"column":60}},{"start":{"line":201,"column":60},"end":{"line":201,"column":null}}],"line":201},"18":{"loc":{"start":{"line":241,"column":6},"end":{"line":248,"column":null}},"type":"if","locations":[{"start":{"line":241,"column":6},"end":{"line":248,"column":null}},{"start":{},"end":{}}],"line":241},"19":{"loc":{"start":{"line":241,"column":10},"end":{"line":241,"column":38}},"type":"binary-expr","locations":[{"start":{"line":241,"column":10},"end":{"line":241,"column":26}},{"start":{"line":241,"column":26},"end":{"line":241,"column":38}}],"line":241}},"s":{"0":4,"1":4,"2":4,"3":4,"4":4,"5":3,"6":1,"7":1,"8":3,"9":3,"10":3,"11":3,"12":1,"13":1,"14":2,"15":0,"16":0,"17":2,"18":2,"19":0,"20":0,"21":2,"22":2,"23":2,"24":2,"25":2,"26":2,"27":2,"28":1,"29":1,"30":1,"31":1
[...]
,"C:\\Users\\D\\workplace\\Graduation Project\\src\\frontend\\src\\store\\useCartStore.ts": {"path":"C:\\Users\\D\\workplace\\Graduation Project\\src\\frontend\\src\\store\\useCartStore.ts","statementMap":{"0":{"start":{"line":27,"column":38},"end":{"line":42,"column":null}},"1":{"start":{"line":44,"column":28},"end":{"line":145,"column":null}},"2":{"start":{"line":44,"column":61},"end":{"line":145,"column":2}},"3":{"start":{"line":49,"column":20},"end":{"line":49,"column":null}},"4":{"start":{"line":49,"column":36},"end":{"line":49,"column":62}},"5":{"start":{"line":50,"column":18},"end":{"line":50,"column":null}},"6":{"start":{"line":51,"column":19},"end":{"line":51,"column":null}},"7":{"start":{"line":54,"column":4},"end":{"line":71,"column":null}},"8":{"start":{"line":55,"column":28},"end":{"line":57,"column":null}},"9":{"start":{"line":56,"column":18},"end":{"line":56,"column":null}},"10":{"start":{"line":59,"column":25},"end":{"line":59,"column":null}},"11":{"start":{"line":61,"column":6},"end":{"line":65,"column":null}},"12":{"start":{"line":62,"column":24},"end":{"line":62,"column":null}},"13":{"start":{"line":63,"column":8},"end":{"line":63,"column":null}},"14":{"start":{"line":64,"column":8},"end":{"line":64,"column":null}},"15":{"start":{"line":67,"column":6},"end":{"line":70,"column":null}},"16":{"start":{"line":75,"column":4},"end":{"line":77,"column":null}},"17":{"start":{"line":75,"column":20},"end":{"line":77,"column":6}},"18":{"start":{"line":76,"column":42},"end":{"line":76,"column":71}},"19":{"start":{"line":81,"column":4},"end":{"line":84,"column":null}},"20":{"start":{"line":82,"column":6},"end":{"line":82,"column":null}},"21":{"start":{"line":83,"column":6},"end":{"line":83,"column":null}},"22":{"start":{"line":85,"column":4},"end":{"line":89,"column":null}},"23":{"start":{"line":85,"column":20},"end":{"line":89,"column":6}},"24":{"start":{"line":87,"column":8},"end":{"line":87,"column":null}},"25":{"start":{"line":93,"column":22},"end":{"line":93,"column":null}},"26":{"start":{"line":94,"column":20},"end":{"line":94,"column":null}},"27":{"start":{"line":94,"column":51},"end":{"line":94,"column":71}},"28":{"start":{"line":96,"column":4},"end":{"line":98,"column":null}},"29":{"start":{"line":97,"column":6},"end":{"line":97,"column":null}},"30":{"start":{"line":100,"column":21},"end":{"line":100,"column":null}},"31":{"start":{"line":101,"column":4},"end":{"line":106,"column":null}},"32":{"start":{"line":102,"column":6},"end":{"line":105,"column":null}},"33":{"start":{"line":108,"column":4},"end":{"line":108,"column":null}},"34":{"start":{"line":109,"column":4},"end":{"line":109,"column":null}},"35":{"start":{"line":112,"column":23},"end":{"line":112,"column":null}},"36":{"start":{"line":114,"column":19},"end":{"line":114,"column":null}},"37":{"start":{"line":117,"column":4},"end":{"line":117,"column":null}},"38":{"start":{"line":117,"column":47},"end":{"line":117,"column":70}},"39":{"start":{"line":121,"column":4},"end":{"line":124,"column":null}},"40":{"start":{"line":122,"column":23},"end":{"line":122,"column":null}},"41":{"start":{"line":128,"column":21},"end":{"line":128,"column":null}},"42":{"start":{"line":129,"column":20},"end":{"line":129,"column":null}},"43":{"start":{"line":130,"column":4},"end":{"line":130,"column":null}},"44":{"start":{"line":130,"column":18},"end":{"line":130,"column":null}},"45":{"start":{"line":132,"column":4},"end":{"line":137,"column":null}},"46":{"start":{"line":133,"column":24},"end":{"line":133,"column":null}},"47":{"start":{"line":134,"column":6},"end":{"line":134,"column":null}},"48":{"start":{"line":136,"column":6},"end":{"line":136,"column":null}},"49":{"start":{"line":141,"column":21},"end":{"line":141,"column":null}},"50":{"start":{"line":142,"column":21},"end":{"line":142,"column":null}},"51":{"start":{"line":143,"column":4},"end":{"line":143,"column":null}}},"fnMap":{"0":{"name":"(anonymous_0)","decl":{"start":{"line":44,"column":28},"end":{"line":44,"column":47}},"loc":{"start":{"line":44,"column":61},"end":{"line":145,"column":2}},"line":44},"1":{"name":"(anonymous_1)","decl":{"start":{"line":49,"column":2},"end":{"line":49,"column":20}},"loc":{"start":{"line":49,"column":20},"end":{"line":49,"column":null}},"line":49},"2":{"name":"(anonymous_2)","decl":{"start":{"line":49,"column":20},"end":{"line":49,"column":25}},"loc":{"start":{"line":49,"column":36},"end":{"line":49,"column":62}},"line":49},"3":{"name":"(anonymous_3)","decl":{"start":{"line":50,"column":2},"end":{"line":50,"column":18}},"loc":{"start":{"line":50,"column":18},"end":{"line":50,"column":null}},"line":50},"4":{"name":"(anonymous_4)","decl":{"start":{"line":51,"column":2},"end":{"line":51,"column":19}},"loc":{"start":{"line":51,"column":19},"end":{"line":51,"column":null}},"line":51},"5":{"name":"(anonymous_5)","decl":{"start":{"line":53,"column":2},"end":{"line":53,"column":12}},"loc":{"start":{"line":53,"column":47},"end":{"line":72,"column":null}},"line":53},"6":{"name":"(anonymous_6)","decl":{"start":{"line":54,"column":4},"end":{"line":54,"column":9}},"loc":{"start":{"line":54,"column":19},"end":{"line":71,"column":5}},"line":54},"7":{"name":"(anonymous_7)","decl":{"start":{"line":55,"column":40},"end":{"line":55,"column":null}},"loc":{"start":{"line":56,"column":18},"end":{"line":56,"column":null}},"line":56},"8":{"name":"(anonymous_8)","decl":{"start":{"line":74,"column":2},"end":{"line":74,"column":15}},"loc":{"start":{"line":74,"column":37},"end":{"line":78,"column":null}},"line":74},"9":{"name":"(anonymous_9)","decl":{"start":{"line":75,"column":4},"end":{"line":75,"column":9}},"loc":{"start":{"line":75,"column":20},"end":{"line":77,"column":6}},"line":75},"10":{"name":"(anonymous_10)","decl":{"start":{"line":76,"column":25},"end":{"line":76,"column":33}},"loc":{"start":{"line":76,"column":42},"end":{"line":76,"column":71}},"line":76},"11":{"name":"(anonymous_11)","decl":{"start":{"line":80,"column":2},"end":{"line":80,"column":19}},"loc":{"start":{"line":80,"column":59},"end":{"line":90,"column":null}},"line":80},"12":{"name":"(anonymous_12)","decl":{"start":{"line":85,"column":4},"end":{"line":85,"column":9}},"loc":{"start":{"line":85,"column":20},"end":{"line":89,"column":6}},"line":85},"13":{"name":"(anonymous_13)","decl":{"start":{"line":86,"column":25},"end":{"line":86,"column":30}},"loc":{"start":{"line":87,"column":8},"end":{"line":87,"column":null}},"line":87},"14":{"name":"(anonymous_14)","decl":{"start":{"line":92,"column":2},"end":{"line":92,"column":17}},"loc":{"start":{"line":92,"column":34},"end":{"line":110,"column":null}},"line":92},"15":{"name":"(anonymous_15)","decl":{"start":{"line":94,"column":39},"end":{"line":94,"column":45}},"loc":{"start":{"line":94,"column":51},"end":{"line":94,"column":71}},"line":94},"16":{"name":"(anonymous_16)","decl":{"start":{"line":112,"column":2},"end":{"line":112,"column":23}},"loc":{"start":{"line":112,"column":23},"end":{"line":112,"column":null}},"line":112},"17":{"name":"(anonymous_17)","decl":{"start":{"line":114,"column":2},"end":{"line":114,"column":19}},"loc":{"start":{"line":114,"column":19},"end":{"line":114,"column":null}},"line":114},"18":{"name":"(anonymous_18)","decl":{"start":{"line":116,"column":2},"end":{"line":116,"column":23}},"loc":{"start":{"line":116,"column":23},"end":{"line":118,"column":null}},"line":116},"19":{"name":"(anonymous_19)","decl":{"start":{"line":117,"column":23},"end":{"line":117,"column":31}},"loc":{"start":{"line":117,"column":47},"end":{"line":117,"column":70}},"line":117},"20":{"name":"(anonymous_20)","decl":{"start":{"line":120,"column":2},"end":{"line":120,"column":26}},"loc":{"start":{"line":120,"column":26},"end":{"line":125,"column":null}},"line":120},"21":{"name":"(anonymous_21)","decl":{"start":{"line":121,"column":23},"end":{"line":121,"column":null}},"loc":{"start":{"line":122,"column":23},"end":{"line":122,"column":null}},"line":122},"22":{"name":"(anonymous_22)","decl":{"start":{"line":127,"column":2},"end":{"line":127,"column":27}},"loc":{"start":{"line":127,"column":27},"end":{"line":138,"column":null}},"line":127},"23":{"name":"(anonymous_23)","decl":{"start":{"line":140,"column":2},"end":{"line":140,"column":23}},"loc":{"start":{"line":140,"column":23},"end":{"line":144,"column":null}},"line":140}},"branchMap":{"0":{"loc":{"start":{"line":53,"column":30},"end":{"line":53,"column":47}},"type":"default-arg","locations":[{"start":{"line":53,"column":41},"end":{"line":53,"column":47}}],"line":53},"1":{"loc":{"start":{"line":59,"column":25},"end":{"line":59,"column":null}},"type":"cond-expr","locations":[{"start":{"line":59,"column":49},"end":{"line":59,"column":69}},{"start":{"line":59,"column":69},"end":{"line":59,"column":null}}],"line":59},"2":{"loc":{"start":{"line":61,"column":6},"end":{"line":65,"column":null}},"type":"if","locations":[{"start":{"line":61,"column":6},"end":{"line":65,"column":null}},{"start":{},"end":{}}],"line":61},"3":{"loc":{"start":{"line":81,"column":4},"end":{"line":84,"column":null}},"type":"if","locations":[{"start":{"line":81,"column":4},"end":{"line":84,"column":null}},{"start":{},"end":{}}],"line":81},"4":{"loc":{"start":{"line":87,"column":8},"end":{"line":87,"column":null}},"type":"cond-expr","locations":[{"start":{"line":87,"column":40},"end":{"line":87,"column":64}},{"start":{"line":87,"column":64},"end":{"line":87,"column":null}}],"line":87},"5":{"loc":{"start":{"line":96,"column":4},"end":{"line":98,"column":null}},"type":"if","locations":[{"start":{"line":96,"column":4},"end":{"line":98,"column":null}},{"start":{},"end":{}}],"line":96},"6":{"loc":{"start":{"line":101,"column":4},"end":{"line":106,"column":null}},"type":"if","locations":[{"start":{"line":101,"column":4},"end":{"line":106,"column":null}},{"start":{},"end":{}}],"line":101},"7":{"loc":{"start":{"line":130,"column":4},"end":{"line":130,"column":null}},"type":"if","locations":[{"start":{"line":130,"column":4},"end":{"line":130,"column":null}},{"start":{},"end":{}}],"line":130},"8":{"loc":{"start":{"line":132,"column":4},"end":{"line":137,"column":null}},"type":"if","locations":[{"start":{"line":132,"column":4},"end":{"line":137,"column":null}},{"start":{"line":135,"column":11},"end":{"line":137,"column":null}}],"line":132}},"s":{"0":4,"1":4,"2":4,"3":0,"4":0,"5":1,"6":2,"7":5,"8":5,"9":1,"10":5,"11":5,"12":1,"13":1,"14":1,"15":4,"16":1,"17":1,"18":1,"19":0,"20":0,"21":0,"22":0,"23":0,"24":0,"25":0,"26":0,"27":0,"28":0,"29":0,"30":0,"31":0,"32":0,"33":0,"34":0,"35":0,"36":2,"37":5,"38":5,"39":24,"40":20,"41":12,"42":12,"43":12,"44":12,"45":0,"46":0,"47":0,"48":0,"49":6,"50":6,"51":6},"f":{"0":4,"1":0,"2":0,"3":1,"4":2,"5":5,"6":5,"7":1,"8":1,"9":1,"10":1,"11":0,"12":0,"13":0,"14":0,"15":0,"16":0,"17":2,"18":5,"19":5,"20":24,"21":20,"22":12,"23":6},"b":{"0":[5],"1":[5,0],"2":[1,4],"3":[0,0],"4":[0,0],"5":[0,0],"6":[0,0],"7":[12,0],"8":[0,0]},"meta":{"lastBranch":9,"lastFunction":24,"lastStatement":52,"seen":{"s:27:38:42:Infinity":0,"s:44:28:145:Infinity":1,"f:44:28:44:47":0,"s:44:61:145:2":2,"f:49:2:49:20":1,"s:49:20:49:Infinity":3,"f:49:20:49:25":2,"s:49:36:49:62":4,"f:50:2:50:18":3,"s:50:18:50:Infinity":5,"f:51:2:51:19":4,"s:51:19:51:Infinity":6,"f:53:2:53:12":5,"b:53:41:53:47":0,"s:54:4:71:Infinity":7,"f:54:4:54:9":6,"s:55:28:57:Infinity":8,"f:55:40:55:Infinity":7,"s:56:18:56:Infinity":9,"s:59:25:59:Infinity":10,"b:59:49:59:69:59:69:59:Infinity":1,"b:61:6:65:Infinity:undefined:undefined:undefined:undefined":2,"s:61:6:65:Infinity":11,"s:62:24:62:Infinity":12,"s:63:8:63:Infinity":13,"s:64:8:64:Infinity":14,"s:67:6:70:Infinity":15,"f:74:2:74:15":8,"s:75:4:77:Infinity":16,"f:75:4:75:9":9,"s:75:20:77:6":17,"f:76:25:76:33":10,"s:76:42:76:71":18,"f:80:2:80:19":11,"b:81:4:84:Infinity:undefined:undefined:undefined:undefined":3,"s:81:4:84:Infinity":19,"s:82:6:82:Infinity":20,"s:83:6:83:Infinity":21,"s:85:4:89:Infinity":22,"f:85:4:85:9":12,"s:85:20:89:6":23,"f:86:25:86:30":13,"s:87:8:87:Infinity":24,"b:87:40:87:64:87:64:87:Infinity":4,"f:92:2:92:17":14,"s:93:22:93:Infinity":25,"s:94:20:94:Infinity":26,"f:94:39:94:45":15,"s:94:51:94:71":27,"b:96:4:98:Infinity:undefined:undefined:undefined:undefined":5,"s:96:4:98:Infinity":28,"s:97:6:97:Infinity":29,"s:100:21:100:Infinity":30,"b:101:4:106:Infinity:undefined:undefined:undefined:undefined":6,"s:101:4:106:Infinity":31,"s:102:6:105:Infinity":32,"s:108:4:108:Infinity":33,"s:109:4:109:Infinity":34,"f:112:2:112:23":16,"s:112:23:112:Infinity":35,"f:114:2:114:19":17,"s:114:19:114:Infinity":36,"f:116:2:116:23":18,"s:117:4:117:Infinity":37,"f:117:23:117:31":19,"s:117:47:117:70":38,"f:120:2:120:26":20,"s:121:4:124:Infinity":39,"f:121:23:121:Infinity":21,"s:122:23:122:Infinity":40,"f:127:2:127:27":22,"s:128:21:128:Infinity":41,"s:129:20:129:Infinity":42,"b:130:4:130:Infinity:undefined:undefined:undefined:undefined":7,"s:130:4:130:Infinity":43,"s:130:18:130:Infinity":44,"b:132:4:137:Infinity:135:11:137:Infinity":8,"s:132:4:137:Infinity":45,"s:133:24:133:Infinity":46,"s:134:6:134:Infinity":47,"s:136:6:136:Infinity":48,"f:140:2:140:23":23,"s:141:21:141:Infinity":49,"s:142:21:142:Infinity":50,"s:143:4:143:Infinity":51},"fnNames":{}}}
,"C:\\Users\\D\\workplace\\Graduation Project\\src\\frontend\\src\\store\\useFlashSaleStore.ts": {"path":"C:\\Users\\D\\workplace\\Graduation Project\\src\\frontend\\src\\store\\useFlashSaleStore.ts","statementMap":{"0":{"start":{"line":15,"column":36},"end":{"line":44,"column":null}},"1":{"start":{"line":46,"column":53},"end":{"line":145,"column":null}},"2":{"start":{"line":147,"column":33},"end":{"line":173,"column":null}},"3":{"start":{"line":147,"column":66},"end":{"line":173,"column":2}},"4":{"start":{"line":152,"column":37},"end":{"line":152,"column":null}},"5":{"start":{"line":155,"column":4},"end":{"line":169,"column":null}},"6":{"start":{"line":155,"column":20},"end":{"line":169,"column":6}},"7":{"start":{"line":157,"column":8},"end":{"line":166,"column":null}},"8":{"start":{"line":158,"column":26},"end":{"line":158,"column":null}},"9":{"start":{"line":159,"column":10},"end":{"line":165,"column":null}},"10":{"start":{"line":167,"column":8},"end":{"line":167,"column":null}},"11":{"start":{"line":172,"column":49},"end":{"line":172,"column":null}}},"fnMap":{"0":{"name":"(anonymous_0)","decl":{"start":{"line":147,"column":33},"end":{"line":147,"column":57}},"loc":{"start":{"line":147,"column":66},"end":{"line":173,"column":2}},"line":147},"1":{"name":"(anonymous_1)","decl":{"start":{"line":152,"column":2},"end":{"line":152,"column":18}},"loc":{"start":{"line":152,"column":37},"end":{"line":152,"column":null}},"line":152},"2":{"name":"(anonymous_2)","decl":{"start":{"line":154,"column":2},"end":{"line":154,"column":23}},"loc":{"start":{"line":154,"column":69},"end":{"line":170,"column":null}},"line":154},"3":{"name":"(anonymous_3)","decl":{"start":{"line":155,"column":4},"end":{"line":155,"column":9}},"loc":{"start":{"line":155,"column":20},"end":{"line":169,"column":6}},"line":155},"4":{"name":"(anonymous_4)","decl":{"start":{"line":156,"column":31},"end":{"line":156,"column":36}},"loc":{"start":{"line":156,"column":42},"end":{"line":168,"column":7}},"line":156},"5":{"name":"(anonymous_5)","decl":{"start":{"line":172,"column":2},"end":{"line":172,"column":16}},"loc":{"start":{"line":172,"column":49},"end":{"line":172,"column":null}},"line":172}},"branchMap":{"0":{"loc":{"start":{"line":157,"column":8},"end":{"line":166,"column":null}},"type":"if","locations":[{"start":{"line":157,"column":8},"end":{"line":166,"column":null}},{"start":{},"end":{}}],"line":157}},"s":{"0":2,"1":2,"2":2,"3":2,"4":1,"5":0,"6":0,"7":0,"8":0,"9":0,"10":0,"11":0},"f":{"0":2,"1":1,"2":0,"3":0,"4":0,"5":0},"b":{"0":[0,0]},"meta":{"lastBranch":1,"lastFunction":6,"lastStatement":12,"seen":{"s:15:36:44:Infinity":0,"s:46:53:145:Infinity":1,"s:147:33:173:Infinity":2,"f:147:33:147:57":0,"s:147:66:173:2":3,"f:152:2:152:18":1,"s:152:37:152:Infinity":4,"f:154:2:154:23":2,"s:155:4:169:Infinity":5,"f:155:4:155:9":3,"s:155:20:169:6":6,"f:156:31:156:36":4,"b:157:8:166:Infinity:undefined:undefined:undefined:undefined":0,"s:157:8:166:Infinity":7,"s:158:26:158:Infinity":8,"s:159:10:165:Infinity":9,"s:167:8:167:Infinity":10,"f:172:2:172:16":5,"s:172:49:172:Infinity":11},"fnNames":{}}}
,"C:\\Users\\D\\workplace\\Graduation Project\\src\\frontend\\src\\store\\useOrderQueueStore.ts": {"path":"C:\\Users\\D\\workplace\\Graduation Project\\src\\frontend\\src\\store\\useOrderQueueStore.ts","statementMap":{"0":{"start":{"line":12,"column":34},"end":{"line":29,"column":null}},"1":{"start":{"line":12,"column":68},"end":{"line":29,"column":2}},"2":{"start":{"line":17,"column":26},"end":{"line":17,"column":null}},"3":{"start":{"line":19,"column":39},"end":{"line":22,"column":null}},"4":{"start":{"line":19,"column":55},"end":{"line":22,"column":4}},"5":{"start":{"line":24,"column":20},"end":{"line":28,"column":null}}},"fnMap":{"0":{"name":"(anonymous_0)","decl":{"start":{"line":12,"column":34},"end":{"line":12,"column":59}},"loc":{"start":{"line":12,"column":68},"end":{"line":29,"column":2}},"line":12},"1":{"name":"(anonymous_1)","decl":{"start":{"line":17,"column":2},"end":{"line":17,"column":17}},"loc":{"start":{"line":17,"column":26},"end":{"line":17,"column":null}},"line":17},"2":{"name":"(anonymous_2)","decl":{"start":{"line":19,"column":2},"end":{"line":19,"column":19}},"loc":{"start":{"line":19,"column":39},"end":{"line":22,"column":null}},"line":19},"3":{"name":"(anonymous_3)","decl":{"start":{"line":19,"column":39},"end":{"line":19,"column":44}},"loc":{"start":{"line":19,"column":55},"end":{"line":22,"column":4}},"line":19},"4":{"name":"(anonymous_4)","decl":{"start":{"line":24,"column":2},"end":{"line":24,"column":20}},"loc":{"start":{"line":24,"column":20},"end":{"line":28,"column":null}},"line":24}},"branchMap":{"0":{"loc":{"start":{"line":21,"column":13},"end":{"line":21,"column":null}},"type":"binary-expr","locations":[{"start":{"line":21,"column":13},"end":{"line":21,"column":24}},{"start":{"line":21,"column":24},"end":{"line":21,"column":null}}],"line":21}},"s":{"0":2,"1":2,"2":2,"3":1,"4":1,"5":0},"f":{"0":2,"1":2,"2":1,"3":1,"4":0},"b":{"0":[1,0]},"meta":{"lastBranch":1,"lastFunction":5,"lastStatement":6,"seen":{"s:12:34:29:Infinity":0,"f:12:34:12:59":0,"s:12:68:29:2":1,"f:17:2:17:17":1,"s:17:26:17:Infinity":2,"f:19:2:19:19":2,"s:19:39:22:Infinity":3,"f:19:39:19:44":3,"s:19:55:22:4":4,"b:21:13:21:24:21:24:21:Infinity":0,"f:24:2:24:20":4,"s:24:20:28:Infinity":5},"fnNames":{}}}
}
